This is pdfTeX, Version 3.141592653-2.6-1.40.22 (TeX Live 2022/dev/Debian) (preloaded format=pdflatex 2022.11.24)  28 DEC 2022 18:49
entering extended mode
 restricted \write18 enabled.
 %&-line parsing enabled.
**refman
(./refman.tex
LaTeX2e <2021-11-15> patch level 1
L3 programming layer <2022-01-21>
(/usr/share/texlive/texmf-dist/tex/latex/base/book.cls
Document Class: book 2021/10/04 v1.4n Standard LaTeX document class
(/usr/share/texlive/texmf-dist/tex/latex/base/bk10.clo
File: bk10.clo 2021/10/04 v1.4n Standard LaTeX file (size option)
)
\c@part=\count185
\c@chapter=\count186
\c@section=\count187
\c@subsection=\count188
\c@subsubsection=\count189
\c@paragraph=\count190
\c@subparagraph=\count191
\c@figure=\count192
\c@table=\count193
\abovecaptionskip=\skip47
\belowcaptionskip=\skip48
\bibindent=\dimen138
)
(/usr/share/texlive/texmf-dist/tex/latex/base/ifthen.sty
Package: ifthen 2020/11/24 v1.1c Standard LaTeX ifthen package (DPC)
)
(/usr/share/texlive/texmf-dist/tex/latex/tools/array.sty
Rollback for package 'array' requested -> date 2016-10-06.
         Best approximation is the release introduced on 2016-10-06.

(/usr/share/texlive/texmf-dist/tex/latex/tools/array-2016-10-06.sty
Package: array 2016/10/06 v2.4d Tabular extension package (FMi)
\col@sep=\dimen139
\extrarowheight=\dimen140
\NC@list=\toks16
\extratabsurround=\skip49
\backup@length=\skip50
))
(/usr/share/texlive/texmf-dist/tex/latex/base/fixltx2e.sty
Package: fixltx2e 2016/12/29 v2.1a fixes to LaTeX (obsolete)
Applying: [2015/01/01] Old fixltx2e package on input line 46.


Package fixltx2e Warning: fixltx2e is not required with releases after 2015
(fixltx2e)                All fixes are now in the LaTeX kernel.
(fixltx2e)                See the latexrelease package for details.

Already applied: [0000/00/00] Old fixltx2e package on input line 53.
) (./doxygen.sty
Package: doxygen 
 (/usr/share/texlive/texmf-dist/tex/latex/base/alltt.sty
Package: alltt 2021/01/29 v2.0g defines alltt environment
)
(/usr/share/texlive/texmf-dist/tex/latex/tools/calc.sty
Package: calc 2017/05/25 v4.3 Infix arithmetic (KKT,FJ)
\calc@Acount=\count194
\calc@Bcount=\count195
\calc@Adimen=\dimen141
\calc@Bdimen=\dimen142
\calc@Askip=\skip51
\calc@Bskip=\skip52
LaTeX Info: Redefining \setlength on input line 80.
LaTeX Info: Redefining \addtolength on input line 81.
\calc@Ccount=\count196
\calc@Cskip=\skip53
)
(/usr/share/texlive/texmf-dist/tex/latex/float/float.sty
Package: float 2001/11/08 v1.3d Float enhancements (AL)
\c@float@type=\count197
\float@exts=\toks17
\float@box=\box50
\@float@everytoks=\toks18
\@floatcapt=\box51
)
(/usr/share/texlive/texmf-dist/tex/latex/tools/verbatim.sty
Package: verbatim 2020-07-07 v1.5u LaTeX2e package for verbatim enhancements
\every@verbatim=\toks19
\verbatim@line=\toks20
\verbatim@in@stream=\read2
)
(/usr/share/texlive/texmf-dist/tex/latex/xcolor/xcolor.sty
Package: xcolor 2021/10/31 v2.13 LaTeX color extensions (UK)

(/usr/share/texlive/texmf-dist/tex/latex/graphics-cfg/color.cfg
File: color.cfg 2016/01/02 v1.6 sample color configuration
)
Package xcolor Info: Driver file: pdftex.def on input line 227.

(/usr/share/texlive/texmf-dist/tex/latex/graphics-def/pdftex.def
File: pdftex.def 2020/10/05 v1.2a Graphics/color driver for pdftex
)
(/usr/share/texlive/texmf-dist/tex/latex/colortbl/colortbl.sty
Package: colortbl 2020/01/04 v1.0e Color table columns (DPC)
\everycr=\toks21
\minrowclearance=\skip54
)
\rownum=\count198
Package xcolor Info: Model `cmy' substituted by `cmy0' on input line 1352.
Package xcolor Info: Model `hsb' substituted by `rgb' on input line 1356.
Package xcolor Info: Model `RGB' extended on input line 1368.
Package xcolor Info: Model `HTML' substituted by `rgb' on input line 1370.
Package xcolor Info: Model `Hsb' substituted by `hsb' on input line 1371.
Package xcolor Info: Model `tHsb' substituted by `hsb' on input line 1372.
Package xcolor Info: Model `HSB' substituted by `hsb' on input line 1373.
Package xcolor Info: Model `Gray' substituted by `gray' on input line 1374.
Package xcolor Info: Model `wave' substituted by `hsb' on input line 1375.
)
(./longtable_doxygen.sty
Package: longtable_doxygen 2014/10/28 v4.11 Multi-page Table package (DPC) - fr
ozen version for doxygen
\LTleft=\skip55
\LTright=\skip56
\LTpre=\skip57
\LTpost=\skip58
\LTchunksize=\count199
\LTcapwidth=\dimen143
\LT@head=\box52
\LT@firsthead=\box53
\LT@foot=\box54
\LT@lastfoot=\box55
\LT@cols=\count266
\LT@rows=\count267
\c@LT@tables=\count268
\c@LT@chunks=\count269
\LT@p@ftn=\toks22
) (./tabu_doxygen.sty
Package: tabu_doxygen 2011/02/26 v2.8 - flexible LaTeX tabulars (FC), frozen ve
rsion for doxygen

(/usr/share/texlive/texmf-dist/tex/latex/varwidth/varwidth.sty
Package: varwidth 2009/03/30 ver 0.92;  Variable-width minipages
\@vwid@box=\box56
\sift@deathcycles=\count270
\@vwid@loff=\dimen144
\@vwid@roff=\dimen145
)
\c@taburow=\count271
\tabu@nbcols=\count272
\tabu@cnt=\count273
\tabu@Xcol=\count274
\tabu@alloc=\count275
\tabu@nested=\count276
\tabu@target=\dimen146
\tabu@spreadtarget=\dimen147
\tabu@naturalX=\dimen148
\tabucolX=\dimen149
\tabu@Xsum=\dimen150
\extrarowdepth=\dimen151
\abovetabulinesep=\dimen152
\belowtabulinesep=\dimen153
\tabustrutrule=\dimen154
\tabu@thebody=\toks23
\tabu@footnotes=\toks24
\tabu@box=\box57
\tabu@arstrutbox=\box58
\tabu@hleads=\box59
\tabu@vleads=\box60
\tabu@cellskip=\skip59
)
(/usr/share/texlive/texmf-dist/tex/latex/fancyvrb/fancyvrb.sty
Package: fancyvrb 2021/12/21 4.1b verbatim text (tvz,hv)

(/usr/share/texlive/texmf-dist/tex/latex/graphics/keyval.sty
Package: keyval 2014/10/28 v1.15 key=value parser (DPC)
\KV@toks@=\toks25
)
\FV@CodeLineNo=\count277
\FV@InFile=\read3
\FV@TabBox=\box61
\c@FancyVerbLine=\count278
\FV@StepNumber=\count279
\FV@OutFile=\write3
)
(/usr/share/texlive/texmf-dist/tex/latex/tools/tabularx.sty
Package: tabularx 2020/01/15 v2.11c `tabularx' package (DPC)
\TX@col@width=\dimen155
\TX@old@table=\dimen156
\TX@old@col=\dimen157
\TX@target=\dimen158
\TX@delta=\dimen159
\TX@cols=\count280
\TX@ftn=\toks26
)
(/usr/share/texlive/texmf-dist/tex/latex/tools/multicol.sty
Package: multicol 2021/10/28 v1.9b multicolumn formatting (FMi)
\c@tracingmulticols=\count281
\mult@box=\box62
\multicol@leftmargin=\dimen160
\c@unbalance=\count282
\c@collectmore=\count283
\doublecol@number=\count284
\multicoltolerance=\count285
\multicolpretolerance=\count286
\full@width=\dimen161
\page@free=\dimen162
\premulticols=\dimen163
\postmulticols=\dimen164
\multicolsep=\skip60
\multicolbaselineskip=\skip61
\partial@page=\box63
\last@line=\box64
\maxbalancingoverflow=\dimen165
\mult@rightbox=\box65
\mult@grightbox=\box66
\mult@firstbox=\box67
\mult@gfirstbox=\box68
\@tempa=\box69
\@tempa=\box70
\@tempa=\box71
\@tempa=\box72
\@tempa=\box73
\@tempa=\box74
\@tempa=\box75
\@tempa=\box76
\@tempa=\box77
\@tempa=\box78
\@tempa=\box79
\@tempa=\box80
\@tempa=\box81
\@tempa=\box82
\@tempa=\box83
\@tempa=\box84
\@tempa=\box85
\@tempa=\box86
\@tempa=\box87
\@tempa=\box88
\@tempa=\box89
\@tempa=\box90
\@tempa=\box91
\@tempa=\box92
\@tempa=\box93
\@tempa=\box94
\@tempa=\box95
\@tempa=\box96
\@tempa=\box97
\@tempa=\box98
\@tempa=\box99
\@tempa=\box100
\@tempa=\box101
\@tempa=\box102
\@tempa=\box103
\@tempa=\box104
\c@minrows=\count287
\c@columnbadness=\count288
\c@finalcolumnbadness=\count289
\last@try=\dimen166
\multicolovershoot=\dimen167
\multicolundershoot=\dimen168
\mult@nat@firstbox=\box105
\colbreak@box=\box106
\mc@col@check@num=\count290
)
(/usr/share/texlive/texmf-dist/tex/latex/multirow/multirow.sty
Package: multirow 2021/03/15 v2.8 Span multiple rows of a table
\multirow@colwidth=\skip62
\multirow@cntb=\count291
\multirow@dima=\skip63
\bigstrutjot=\dimen169
)
(/usr/share/texlive/texmf-dist/tex/latex/hanging/hanging.sty
Package: hanging 2009/09/02 v1.2b hanging paragraphs and punctuation
\h@ngcommawd=\skip64
\h@ngfstopwd=\skip65
\h@ngquotewd=\skip66
\h@ngdquotewd=\skip67
\h@ngquerywd=\skip68
\h@ngexclwd=\skip69
\h@ngcolonwd=\skip70
\h@ngscolonwd=\skip71
)
(/usr/share/texlive/texmf-dist/tex/generic/iftex/ifpdf.sty
Package: ifpdf 2019/10/25 v3.4 ifpdf legacy package. Use iftex instead.

(/usr/share/texlive/texmf-dist/tex/generic/iftex/iftex.sty
Package: iftex 2020/03/06 v1.0d TeX engine tests
))
(/usr/share/texlive/texmf-dist/tex/latex/adjustbox/adjustbox.sty
Package: adjustbox 2020/08/19 v1.3 Adjusting TeX boxes (trim, clip, ...)

(/usr/share/texlive/texmf-dist/tex/latex/xkeyval/xkeyval.sty
Package: xkeyval 2020/11/20 v2.8 package option processing (HA)

(/usr/share/texlive/texmf-dist/tex/generic/xkeyval/xkeyval.tex
(/usr/share/texlive/texmf-dist/tex/generic/xkeyval/xkvutils.tex
\XKV@toks=\toks27
\XKV@tempa@toks=\toks28
)
\XKV@depth=\count292
File: xkeyval.tex 2014/12/03 v2.7a key=value parser (HA)
))
(/usr/share/texlive/texmf-dist/tex/latex/adjustbox/adjcalc.sty
Package: adjcalc 2012/05/16 v1.1 Provides advanced setlength with multiple back
-ends (calc, etex, pgfmath)
)
(/usr/share/texlive/texmf-dist/tex/latex/adjustbox/trimclip.sty
Package: trimclip 2020/08/19 v1.2 Trim and clip general TeX material

(/usr/share/texlive/texmf-dist/tex/latex/graphics/graphicx.sty
Package: graphicx 2021/09/16 v1.2d Enhanced LaTeX Graphics (DPC,SPQR)

(/usr/share/texlive/texmf-dist/tex/latex/graphics/graphics.sty
Package: graphics 2021/03/04 v1.4d Standard LaTeX Graphics (DPC,SPQR)

(/usr/share/texlive/texmf-dist/tex/latex/graphics/trig.sty
Package: trig 2021/08/11 v1.11 sin cos tan (DPC)
)
(/usr/share/texlive/texmf-dist/tex/latex/graphics-cfg/graphics.cfg
File: graphics.cfg 2016/06/04 v1.11 sample graphics configuration
)
Package graphics Info: Driver file: pdftex.def on input line 107.
)
\Gin@req@height=\dimen170
\Gin@req@width=\dimen171
)
(/usr/share/texlive/texmf-dist/tex/latex/collectbox/collectbox.sty
Package: collectbox 2012/05/17 v0.4b Collect macro arguments as boxes
\collectedbox=\box107
)
\tc@llx=\dimen172
\tc@lly=\dimen173
\tc@urx=\dimen174
\tc@ury=\dimen175
Package trimclip Info: Using driver 'tc-pdftex.def'.

(/usr/share/texlive/texmf-dist/tex/latex/adjustbox/tc-pdftex.def
File: tc-pdftex.def 2019/01/04 v2.2 Clipping driver for pdftex
))
\adjbox@Width=\dimen176
\adjbox@Height=\dimen177
\adjbox@Depth=\dimen178
\adjbox@Totalheight=\dimen179
\adjbox@pwidth=\dimen180
\adjbox@pheight=\dimen181
\adjbox@pdepth=\dimen182
\adjbox@ptotalheight=\dimen183

(/usr/share/texlive/texmf-dist/tex/latex/ifoddpage/ifoddpage.sty
Package: ifoddpage 2016/04/23 v1.1 Conditionals for odd/even page detection
\c@checkoddpage=\count293
))
(/usr/share/texlive/texmf-dist/tex/latex/amsfonts/amssymb.sty
Package: amssymb 2013/01/14 v3.01 AMS font symbols

(/usr/share/texlive/texmf-dist/tex/latex/amsfonts/amsfonts.sty
Package: amsfonts 2013/01/14 v3.01 Basic AMSFonts support
\@emptytoks=\toks29
\symAMSa=\mathgroup4
\symAMSb=\mathgroup5
LaTeX Font Info:    Redeclaring math symbol \hbar on input line 98.
LaTeX Font Info:    Overwriting math alphabet `\mathfrak' in version `bold'
(Font)                  U/euf/m/n --> U/euf/b/n on input line 106.
))
(/usr/share/texlive/texmf-dist/tex/latex/stackengine/stackengine.sty
Package: stackengine 2021/07/22 v4.11\ Stacking text and objects in convenient 
ways

(/usr/share/texlive/texmf-dist/tex/latex/etoolbox/etoolbox.sty
Package: etoolbox 2020/10/05 v2.5k e-TeX tools for LaTeX (JAW)
\etb@tempcnta=\count294
)
(/usr/share/texlive/texmf-dist/tex/generic/listofitems/listofitems.sty
(/usr/share/texlive/texmf-dist/tex/generic/listofitems/listofitems.tex
\loi_cnt_foreach_nest=\count295
\loi_nestcnt=\count296
)
Package: listofitems 2019/08/21 v1.63 Grab items in lists using user-specified 
sep char (CT)
)
\c@@stackindex=\count297
\@boxshift=\skip72
\stack@tmplength=\skip73
\temp@stkl=\skip74
\@stackedboxwidth=\skip75
\@addedbox=\box108
\@anchorbox=\box109
\@insetbox=\box110
\se@backgroundbox=\box111
\stackedbox=\box112
\@centerbox=\box113
\c@ROWcellindex@=\count298
)
(/usr/share/texlive/texmf-dist/tex/generic/ulem/ulem.sty
\UL@box=\box114
\UL@hyphenbox=\box115
\UL@skip=\skip76
\UL@hook=\toks30
\UL@height=\dimen184
\UL@pe=\count299
\UL@pixel=\dimen185
\ULC@box=\box116
Package: ulem 2019/11/18
\ULdepth=\dimen186
)
\xrefbox=\box117
\xreflength=\skip77
\CodeWidthChar=\skip78
\CodeHeightChar=\skip79
\DoxyCodeWidth=\skip80
)
(/usr/share/texlive/texmf-dist/tex/latex/base/inputenc.sty
Package: inputenc 2021/02/14 v1.3d Input encoding file
\inpenc@prehook=\toks31
\inpenc@posthook=\toks32
)
(/usr/share/texlive/texmf-dist/tex/latex/base/makeidx.sty
Package: makeidx 2021/10/04 v1.0m Standard LaTeX package
)
(/usr/share/texlive/texmf-dist/tex/latex/base/textcomp.sty
Package: textcomp 2020/02/02 v2.0n Standard LaTeX package
)
(/usr/share/texlive/texmf-dist/tex/latex/wasysym/wasysym.sty
Package: wasysym 2020/01/19 v2.4 Wasy-2 symbol support package
\symwasy=\mathgroup6
LaTeX Font Info:    Overwriting symbol font `wasy' in version `bold'
(Font)                  U/wasy/m/n --> U/wasy/b/n on input line 93.
)
(/usr/share/texlive/texmf-dist/tex/generic/iftex/ifxetex.sty
Package: ifxetex 2019/10/25 v0.7 ifxetex legacy package. Use iftex instead.
)
(/usr/share/texlive/texmf-dist/tex/latex/base/fontenc.sty
Package: fontenc 2021/04/29 v2.0v Standard LaTeX package
)
(/usr/share/texlive/texmf-dist/tex/latex/psnfss/helvet.sty
Package: helvet 2020/03/25 PSNFSS-v9.3 (WaS) 
)
(/usr/share/texlive/texmf-dist/tex/latex/psnfss/courier.sty
Package: courier 2020/03/25 PSNFSS-v9.3 (WaS) 
)
(/usr/share/texlive/texmf-dist/tex/latex/sectsty/sectsty.sty
Package: sectsty 2002/02/25 v2.0.2 Commands to change all sectional heading sty
les


LaTeX Warning: Command \underbar  has changed.
               Check if current package is valid.


LaTeX Warning: Command \underline  has changed.
               Check if current package is valid.

) (/usr/share/texlive/texmf-dist/tex/latex/geometry/geometry.sty
Package: geometry 2020/01/02 v5.9 Page Geometry

(/usr/share/texlive/texmf-dist/tex/generic/iftex/ifvtex.sty
Package: ifvtex 2019/10/25 v1.7 ifvtex legacy package. Use iftex instead.
)
\Gm@cnth=\count300
\Gm@cntv=\count301
\c@Gm@tempcnt=\count302
\Gm@bindingoffset=\dimen187
\Gm@wd@mp=\dimen188
\Gm@odd@mp=\dimen189
\Gm@even@mp=\dimen190
\Gm@layoutwidth=\dimen191
\Gm@layoutheight=\dimen192
\Gm@layouthoffset=\dimen193
\Gm@layoutvoffset=\dimen194
\Gm@dimlist=\toks33
)
(/usr/share/texlive/texmf-dist/tex/latex/fancyhdr/fancyhdr.sty
Package: fancyhdr 2021/01/28 v4.0.1 Extensive control of page headers and foote
rs
\f@nch@headwidth=\skip81
\f@nch@O@elh=\skip82
\f@nch@O@erh=\skip83
\f@nch@O@olh=\skip84
\f@nch@O@orh=\skip85
\f@nch@O@elf=\skip86
\f@nch@O@erf=\skip87
\f@nch@O@olf=\skip88
\f@nch@O@orf=\skip89
)
(/usr/share/texlive/texmf-dist/tex/latex/natbib/natbib.sty
Package: natbib 2010/09/13 8.31b (PWD, AO)
\bibhang=\skip90
\bibsep=\skip91
LaTeX Info: Redefining \cite on input line 694.
\c@NAT@ctr=\count303
)
(/usr/share/texlive/texmf-dist/tex/latex/tocloft/tocloft.sty
Package: tocloft 2017/08/31 v2.3i parameterised ToC, etc., typesetting
Package tocloft Info: The document has chapter divisions on input line 51.
\cftparskip=\skip92
\cftbeforetoctitleskip=\skip93
\cftaftertoctitleskip=\skip94
\cftbeforepartskip=\skip95
\cftpartnumwidth=\skip96
\cftpartindent=\skip97
\cftbeforechapskip=\skip98
\cftchapindent=\skip99
\cftchapnumwidth=\skip100
\cftbeforesecskip=\skip101
\cftsecindent=\skip102
\cftsecnumwidth=\skip103
\cftbeforesubsecskip=\skip104
\cftsubsecindent=\skip105
\cftsubsecnumwidth=\skip106
\cftbeforesubsubsecskip=\skip107
\cftsubsubsecindent=\skip108
\cftsubsubsecnumwidth=\skip109
\cftbeforeparaskip=\skip110
\cftparaindent=\skip111
\cftparanumwidth=\skip112
\cftbeforesubparaskip=\skip113
\cftsubparaindent=\skip114
\cftsubparanumwidth=\skip115
\cftbeforeloftitleskip=\skip116
\cftafterloftitleskip=\skip117
\cftbeforefigskip=\skip118
\cftfigindent=\skip119
\cftfignumwidth=\skip120
\c@lofdepth=\count304
\c@lotdepth=\count305
\cftbeforelottitleskip=\skip121
\cftafterlottitleskip=\skip122
\cftbeforetabskip=\skip123
\cfttabindent=\skip124
\cfttabnumwidth=\skip125
)
\@indexfile=\write4
\openout4 = `refman.idx'.


Writing index file refman.idx
(/usr/share/texlive/texmf-dist/tex/latex/newunicodechar/newunicodechar.sty
Package: newunicodechar 2018/04/08 v1.2 Defining Unicode characters
)

Package newunicodechar Warning: Redefining Unicode character on input line 115.



Package newunicodechar Warning: Redefining Unicode character on input line 116.


(/usr/share/texlive/texmf-dist/tex/latex/hyperref/hyperref.sty
Package: hyperref 2021-06-07 v7.00m Hypertext links for LaTeX

(/usr/share/texlive/texmf-dist/tex/generic/ltxcmds/ltxcmds.sty
Package: ltxcmds 2020-05-10 v1.25 LaTeX kernel commands for general use (HO)
)
(/usr/share/texlive/texmf-dist/tex/generic/pdftexcmds/pdftexcmds.sty
Package: pdftexcmds 2020-06-27 v0.33 Utility functions of pdfTeX for LuaTeX (HO
)

(/usr/share/texlive/texmf-dist/tex/generic/infwarerr/infwarerr.sty
Package: infwarerr 2019/12/03 v1.5 Providing info/warning/error messages (HO)
)
Package pdftexcmds Info: \pdf@primitive is available.
Package pdftexcmds Info: \pdf@ifprimitive is available.
Package pdftexcmds Info: \pdfdraftmode found.
)
(/usr/share/texlive/texmf-dist/tex/generic/kvsetkeys/kvsetkeys.sty
Package: kvsetkeys 2019/12/15 v1.18 Key value parser (HO)
)
(/usr/share/texlive/texmf-dist/tex/generic/kvdefinekeys/kvdefinekeys.sty
Package: kvdefinekeys 2019-12-19 v1.6 Define keys (HO)
)
(/usr/share/texlive/texmf-dist/tex/generic/pdfescape/pdfescape.sty
Package: pdfescape 2019/12/09 v1.15 Implements pdfTeX's escape features (HO)
)
(/usr/share/texlive/texmf-dist/tex/latex/hycolor/hycolor.sty
Package: hycolor 2020-01-27 v1.10 Color options for hyperref/bookmark (HO)
)
(/usr/share/texlive/texmf-dist/tex/latex/letltxmacro/letltxmacro.sty
Package: letltxmacro 2019/12/03 v1.6 Let assignment for LaTeX macros (HO)
)
(/usr/share/texlive/texmf-dist/tex/latex/auxhook/auxhook.sty
Package: auxhook 2019-12-17 v1.6 Hooks for auxiliary files (HO)
)
(/usr/share/texlive/texmf-dist/tex/latex/kvoptions/kvoptions.sty
Package: kvoptions 2020-10-07 v3.14 Key value format for package options (HO)
)
\@linkdim=\dimen195
\Hy@linkcounter=\count306
\Hy@pagecounter=\count307

(/usr/share/texlive/texmf-dist/tex/latex/hyperref/pd1enc.def
File: pd1enc.def 2021-06-07 v7.00m Hyperref: PDFDocEncoding definition (HO)
Now handling font encoding PD1 ...
... no UTF-8 mapping file for font encoding PD1
)
(/usr/share/texlive/texmf-dist/tex/latex/hyperref/hyperref-langpatches.def
File: hyperref-langpatches.def 2021-06-07 v7.00m Hyperref: patches for babel la
nguages
)
(/usr/share/texlive/texmf-dist/tex/generic/intcalc/intcalc.sty
Package: intcalc 2019/12/15 v1.3 Expandable calculations with integers (HO)
)
(/usr/share/texlive/texmf-dist/tex/generic/etexcmds/etexcmds.sty
Package: etexcmds 2019/12/15 v1.7 Avoid name clashes with e-TeX commands (HO)
)
\Hy@SavedSpaceFactor=\count308

(/usr/share/texlive/texmf-dist/tex/latex/hyperref/puenc.def
File: puenc.def 2021-06-07 v7.00m Hyperref: PDF Unicode definition (HO)
Now handling font encoding PU ...
... no UTF-8 mapping file for font encoding PU
)
Package hyperref Info: Hyper figures OFF on input line 4192.
Package hyperref Info: Link nesting OFF on input line 4197.
Package hyperref Info: Hyper index ON on input line 4200.
Package hyperref Info: Plain pages OFF on input line 4207.
Package hyperref Info: Backreferencing ON on input line 4210.
Package hyperref Info: Implicit mode ON; LaTeX internals redefined.
Package hyperref Info: Bookmarks ON on input line 4445.

(/usr/share/texlive/texmf-dist/tex/latex/hyperref/backref.sty
Package: backref 2021/02/04 v1.41 Bibliographical back referencing

(/usr/share/texlive/texmf-dist/tex/latex/rerunfilecheck/rerunfilecheck.sty
Package: rerunfilecheck 2019/12/05 v1.9 Rerun checks for auxiliary files (HO)

(/usr/share/texlive/texmf-dist/tex/latex/base/atveryend-ltx.sty
Package: atveryend-ltx 2020/08/19 v1.0a Emulation of the original atveryend pac
kage
with kernel methods
)
(/usr/share/texlive/texmf-dist/tex/generic/uniquecounter/uniquecounter.sty
Package: uniquecounter 2019/12/15 v1.4 Provide unlimited unique counter (HO)

(/usr/share/texlive/texmf-dist/tex/generic/bigintcalc/bigintcalc.sty
Package: bigintcalc 2019/12/15 v1.5 Expandable calculations on big integers (HO
)
))
Package uniquecounter Info: New unique counter `rerunfilecheck' on input line 2
86.
))
\c@Hy@tempcnt=\count309

(/usr/share/texlive/texmf-dist/tex/latex/url/url.sty
\Urlmuskip=\muskip16
Package: url 2013/09/16  ver 3.4  Verb mode for urls, etc.
)
LaTeX Info: Redefining \url on input line 4804.
\XeTeXLinkMargin=\dimen196

(/usr/share/texlive/texmf-dist/tex/generic/bitset/bitset.sty
Package: bitset 2019/12/09 v1.3 Handle bit-vector datatype (HO)
)
\Fld@menulength=\count310
\Field@Width=\dimen197
\Fld@charsize=\dimen198
Package hyperref Info: Hyper figures OFF on input line 6076.
Package hyperref Info: Link nesting OFF on input line 6081.
Package hyperref Info: Hyper index ON on input line 6084.
Package hyperref Info: backreferencing ON on input line 6089.
Package hyperref Info: Link coloring OFF on input line 6096.
Package hyperref Info: Link coloring with OCG OFF on input line 6101.
Package hyperref Info: PDF/A mode OFF on input line 6106.
LaTeX Info: Redefining \ref on input line 6146.
LaTeX Info: Redefining \pageref on input line 6150.

(/usr/share/texlive/texmf-dist/tex/latex/base/atbegshi-ltx.sty
Package: atbegshi-ltx 2021/01/10 v1.0c Emulation of the original atbegshi
package with kernel methods
)
\Hy@abspage=\count311
\c@Item=\count312
\c@Hfootnote=\count313


LaTeX Warning: Command \LT@p@ftntext  has changed.
               Check if current package is valid.

)
Package hyperref Info: Driver: hpdftex.
 (/usr/share/texlive/texmf-dist/tex/latex/hyperref/hpdftex.def
File: hpdftex.def 2021-06-07 v7.00m Hyperref driver for pdfTeX
\Fld@listcount=\count314
\c@bookmark@seq@number=\count315
\Hy@SectionHShift=\skip126
)
Package hyperref Info: Option `colorlinks' set `true' on input line 134.
Package hyperref Info: Option `unicode' set `true' on input line 134.

(/usr/share/texlive/texmf-dist/tex/latex/caption/caption.sty
Package: caption 2020/10/26 v3.5g Customizing captions (AR)

(/usr/share/texlive/texmf-dist/tex/latex/caption/caption3.sty
Package: caption3 2020/10/21 v2.2e caption3 kernel (AR)
\captionmargin=\dimen199
\captionmargin@=\dimen256
\captionwidth=\dimen257
\caption@tempdima=\dimen258
\caption@indent=\dimen259
\caption@parindent=\dimen260
\caption@hangindent=\dimen261
Package caption Info: Standard document class detected.
)
\c@caption@flags=\count316
\c@continuedfloat=\count317
Package caption Info: float package is loaded.
Package caption Info: hyperref package is loaded.
Package caption Info: longtable package is loaded.

(/usr/share/texlive/texmf-dist/tex/latex/caption/ltcaption.sty
Package: ltcaption 2020/05/30 v1.4b longtable captions (AR)
))
(/usr/share/texlive/texmf-dist/tex/latex/etoc/etoc.sty
Package: etoc 2021/09/23 v1.09e Completely customisable TOCs (JFB)
\Etoc@toctoks=\toks34
\c@etoc@tocid=\count318
\c@etoc@tocdepth=\count319
\etoc@framed@titlebox=\box118
\etoc@framed@contentsbox=\box119
)
LaTeX Font Info:    Trying to load font information for T1+phv on input line 14
9.

(/usr/share/texlive/texmf-dist/tex/latex/psnfss/t1phv.fd
File: t1phv.fd 2020/03/25 scalable font definitions for T1/phv.
)
LaTeX Font Info:    Font shape `T1/phv/m/n' will be
(Font)              scaled to size 8.99994pt on input line 149.

(/usr/share/texlive/texmf-dist/tex/latex/l3backend/l3backend-pdftex.def
File: l3backend-pdftex.def 2022-01-12 L3 backend support: PDF output (pdfTeX)
\l__color_backend_stack_int=\count320
\l__pdf_internal_box=\box120
)
(./refman.aux)
\openout1 = `refman.aux'.

LaTeX Font Info:    Checking defaults for OML/cmm/m/it on input line 149.
LaTeX Font Info:    ... okay on input line 149.
LaTeX Font Info:    Checking defaults for OMS/cmsy/m/n on input line 149.
LaTeX Font Info:    ... okay on input line 149.
LaTeX Font Info:    Checking defaults for OT1/cmr/m/n on input line 149.
LaTeX Font Info:    ... okay on input line 149.
LaTeX Font Info:    Checking defaults for T1/cmr/m/n on input line 149.
LaTeX Font Info:    ... okay on input line 149.
LaTeX Font Info:    Checking defaults for TS1/cmr/m/n on input line 149.
LaTeX Font Info:    ... okay on input line 149.
LaTeX Font Info:    Checking defaults for OMX/cmex/m/n on input line 149.
LaTeX Font Info:    ... okay on input line 149.
LaTeX Font Info:    Checking defaults for U/cmr/m/n on input line 149.
LaTeX Font Info:    ... okay on input line 149.
LaTeX Font Info:    Checking defaults for PD1/pdf/m/n on input line 149.
LaTeX Font Info:    ... okay on input line 149.
LaTeX Font Info:    Checking defaults for PU/pdf/m/n on input line 149.
LaTeX Font Info:    ... okay on input line 149.

(/usr/share/texlive/texmf-dist/tex/context/base/mkii/supp-pdf.mkii
[Loading MPS to PDF converter (version 2006.09.02).]
\scratchcounter=\count321
\scratchdimen=\dimen262
\scratchbox=\box121
\nofMPsegments=\count322
\nofMParguments=\count323
\everyMPshowfont=\toks35
\MPscratchCnt=\count324
\MPscratchDim=\dimen263
\MPnumerator=\count325
\makeMPintoPDFobject=\count326
\everyMPtoPDFconversion=\toks36
) (/usr/share/texlive/texmf-dist/tex/latex/epstopdf-pkg/epstopdf-base.sty
Package: epstopdf-base 2020-01-24 v2.11 Base part for package epstopdf
Package epstopdf-base Info: Redefining graphics rule for `.eps' on input line 4
85.

(/usr/share/texlive/texmf-dist/tex/latex/latexconfig/epstopdf-sys.cfg
File: epstopdf-sys.cfg 2010/07/13 v1.3 Configuration of (r)epstopdf for TeX Liv
e
))
*geometry* driver: auto-detecting
*geometry* detected driver: pdftex
*geometry* verbose mode - [ preamble ] result:
* driver: pdftex
* paper: a4paper
* layout: <same size as paper>
* layoutoffset:(h,v)=(0.0pt,0.0pt)
* modes: twoside 
* h-part:(L,W,R)=(71.13188pt, 455.24411pt, 71.13188pt)
* v-part:(T,H,B)=(71.13188pt, 702.78308pt, 71.13188pt)
* \paperwidth=597.50787pt
* \paperheight=845.04684pt
* \textwidth=455.24411pt
* \textheight=702.78308pt
* \oddsidemargin=-1.1381pt
* \evensidemargin=-1.1381pt
* \topmargin=-31.2056pt
* \headheight=12.0pt
* \headsep=18.06749pt
* \topskip=10.0pt
* \footskip=25.29494pt
* \marginparwidth=125.0pt
* \marginparsep=7.0pt
* \columnsep=10.0pt
* \skip\footins=9.0pt plus 4.0pt minus 2.0pt
* \hoffset=0.0pt
* \voffset=0.0pt
* \mag=1000
* \@twocolumnfalse
* \@twosidetrue
* \@mparswitchtrue
* \@reversemarginfalse
* (1in=72.27pt=25.4mm, 1cm=28.453pt)

Package hyperref Info: Link coloring ON on input line 149.
(/usr/share/texlive/texmf-dist/tex/latex/hyperref/nameref.sty
Package: nameref 2021-04-02 v2.47 Cross-referencing by name of section

(/usr/share/texlive/texmf-dist/tex/latex/refcount/refcount.sty
Package: refcount 2019/12/15 v3.6 Data extraction from label references (HO)
)
(/usr/share/texlive/texmf-dist/tex/generic/gettitlestring/gettitlestring.sty
Package: gettitlestring 2019/12/15 v1.6 Cleanup title references (HO)
)
\c@section@level=\count327
)
LaTeX Info: Redefining \ref on input line 149.
LaTeX Info: Redefining \pageref on input line 149.
LaTeX Info: Redefining \nameref on input line 149.

(./refman.out) (./refman.out)
\@outlinefile=\write5
\openout5 = `refman.out'.

Package backref Info: ** backref set up for natbib ** on input line 149.
Package caption Info: Begin \AtBeginDocument code.
Package caption Info: End \AtBeginDocument code.
\Etoc@tf=\read4
Package hyperref Info: Option `pageanchor' set `false' on input line 156.
Package hyperref Info: Option `bookmarksnumbered' set `true' on input line 156.

Package hyperref Info: Option `unicode' set `true' on input line 156.
LaTeX Font Info:    Font shape `T1/phv/m/n' will be
(Font)              scaled to size 12.9599pt on input line 161.
LaTeX Font Info:    Font shape `T1/phv/m/n' will be
(Font)              scaled to size 10.79993pt on input line 163.
 [1


{/var/lib/texmf/fonts/map/pdftex/updmap/pdftex.map}] [2

]
\tf@toc=\write6
\openout6 = `refman.toc'.

LaTeX Font Info:    Font shape `T1/phv/b/n' will be
(Font)              scaled to size 8.99994pt on input line 169.
LaTeX Font Info:    Trying to load font information for U+msa on input line 169
.
 (/usr/share/texlive/texmf-dist/tex/latex/amsfonts/umsa.fd
File: umsa.fd 2013/01/14 v3.01 AMS symbols A
)
LaTeX Font Info:    Trying to load font information for U+msb on input line 169
.

(/usr/share/texlive/texmf-dist/tex/latex/amsfonts/umsb.fd
File: umsb.fd 2013/01/14 v3.01 AMS symbols B
)
LaTeX Font Info:    Trying to load font information for U+wasy on input line 16
9.

(/usr/share/texlive/texmf-dist/tex/latex/wasysym/uwasy.fd
File: uwasy.fd 2020/01/19 v2.4 Wasy-2 symbol font definitions
)
LaTeX Font Info:    Font shape `T1/phv/m/n' will be
(Font)              scaled to size 6.29996pt on input line 169.
LaTeX Font Info:    Font shape `T1/phv/b/n' will be
(Font)              scaled to size 6.29996pt on input line 169.
 [1] [2] [3] [4]
[5] [6]
Package hyperref Info: Option `pageanchor' set `true' on input line 171.

Chapter 1.
LaTeX Font Info:    Font shape `T1/phv/m/n' will be
(Font)              scaled to size 18.66588pt on input line 174.
LaTeX Font Info:    Font shape `T1/phv/b/n' will be
(Font)              scaled to size 18.66588pt on input line 174.
LaTeX Font Info:    Font shape `T1/phv/bc/n' will be
(Font)              scaled to size 18.66588pt on input line 174.
LaTeX Font Info:    Font shape `T1/phv/m/n' will be
(Font)              scaled to size 22.39185pt on input line 174.
LaTeX Font Info:    Font shape `T1/phv/b/n' will be
(Font)              scaled to size 22.39185pt on input line 174.
LaTeX Font Info:    Font shape `T1/phv/bc/n' will be
(Font)              scaled to size 22.39185pt on input line 174.
(./hierarchy.tex
LaTeX Font Info:    Font shape `T1/phv/b/n' will be
(Font)              scaled to size 12.9599pt on input line 1.
) [1


] [2

]
Chapter 2.
(./annotated.tex) [3] [4

]
Chapter 3.
(./files.tex
LaTeX Font Info:    Trying to load font information for TS1+phv on input line 7
.
 (/usr/share/texlive/texmf-dist/tex/latex/psnfss/ts1phv.fd
File: ts1phv.fd 2020/03/25 scalable font definitions for TS1/phv.
)
LaTeX Font Info:    Font shape `TS1/phv/m/n' will be
(Font)              scaled to size 8.99994pt on input line 7.
)
[5] [6

]
Chapter 4.
(./classactualUserException.tex
LaTeX Font Info:    Trying to load font information for T1+pcr on input line 5.


(/usr/share/texlive/texmf-dist/tex/latex/psnfss/t1pcr.fd
File: t1pcr.fd 2001/06/04 font definitions for T1/pcr.
) <./classactualUserException__inherit__graph.pdf

pdfTeX warning: pdflatex (file ./classactualUserException__inherit__graph.pdf):
 PDF inclusion: multiple pdfs with page group included in a single page
>
<classactualUserException__inherit__graph.pdf, id=1428, 216.81pt x 232.87pt>
File: classactualUserException__inherit__graph.pdf Graphic file (type pdf)
<use classactualUserException__inherit__graph.pdf>
Package pdftex.def Info: classactualUserException__inherit__graph.pdf  used on 
input line 14.
(pdftex.def)             Requested size: 216.0pt x 232.01306pt.
 <./classactualUserException__coll__graph.pdf

pdfTeX warning: pdflatex (file ./classactualUserException__coll__graph.pdf): PD
F inclusion: multiple pdfs with page group included in a single page
>
<classactualUserException__coll__graph.pdf, id=1436, 216.81pt x 232.87pt>
File: classactualUserException__coll__graph.pdf Graphic file (type pdf)
<use classactualUserException__coll__graph.pdf>
Package pdftex.def Info: classactualUserException__coll__graph.pdf  used on inp
ut line 24.
(pdftex.def)             Requested size: 216.0pt x 232.01306pt.
 [7]
LaTeX Font Info:    Font shape `T1/phv/b/n' will be
(Font)              scaled to size 10.79993pt on input line 27.
LaTeX Font Info:    Font shape `T1/phv/m/n' will be
(Font)              scaled to size 7.19995pt on input line 46.
) (./classAdmin.tex <./classAdmin__inherit__graph.pdf>
<classAdmin__inherit__graph.pdf, id=1453, 188.705pt x 376.40625pt>
File: classAdmin__inherit__graph.pdf Graphic file (type pdf)
<use classAdmin__inherit__graph.pdf>
Package pdftex.def Info: classAdmin__inherit__graph.pdf  used on input line 14.

(pdftex.def)             Requested size: 188.0pt x 374.99815pt.
 [8] <./classAdmin__coll__graph.pdf>
<classAdmin__coll__graph.pdf, id=1470, 188.705pt x 376.40625pt>
File: classAdmin__coll__graph.pdf Graphic file (type pdf)
<use classAdmin__coll__graph.pdf>
Package pdftex.def Info: classAdmin__coll__graph.pdf  used on input line 24.
(pdftex.def)             Requested size: 188.0pt x 374.99815pt.
 [9] [10]) (./classAirQuality.tex <./classAirQuality__inherit__graph.pdf>
<classAirQuality__inherit__graph.pdf, id=1498, 193.72375pt x 288.07625pt>
File: classAirQuality__inherit__graph.pdf Graphic file (type pdf)
<use classAirQuality__inherit__graph.pdf>
Package pdftex.def Info: classAirQuality__inherit__graph.pdf  used on input lin
e 14.
(pdftex.def)             Requested size: 193.0pt x 287.00298pt.
 <./classAirQuality__coll__graph.pdf

pdfTeX warning: pdflatex (file ./classAirQuality__coll__graph.pdf): PDF inclusi
on: multiple pdfs with page group included in a single page
>
<classAirQuality__coll__graph.pdf, id=1506, 193.72375pt x 288.07625pt>
File: classAirQuality__coll__graph.pdf Graphic file (type pdf)
<use classAirQuality__coll__graph.pdf>
Package pdftex.def Info: classAirQuality__coll__graph.pdf  used on input line 2
4.
(pdftex.def)             Requested size: 193.0pt x 287.00298pt.
 [11] [12] <./classAirQuality_aa15f722abb7df1519bfbd2c3d1a2ec56_icgraph.pdf>
<classAirQuality_aa15f722abb7df1519bfbd2c3d1a2ec56_icgraph.pdf, id=1536, 363.35
75pt x 100.375pt>
File: classAirQuality_aa15f722abb7df1519bfbd2c3d1a2ec56_icgraph.pdf Graphic fil
e (type pdf)
<use classAirQuality_aa15f722abb7df1519bfbd2c3d1a2ec56_icgraph.pdf>
Package pdftex.def Info: classAirQuality_aa15f722abb7df1519bfbd2c3d1a2ec56_icgr
aph.pdf  used on input line 107.
(pdftex.def)             Requested size: 350.0pt x 96.68817pt.
)
(./classBrightness.tex <./classBrightness__inherit__graph.pdf

pdfTeX warning: pdflatex (file ./classBrightness__inherit__graph.pdf): PDF incl
usion: multiple pdfs with page group included in a single page
>
<classBrightness__inherit__graph.pdf, id=1546, 193.72375pt x 288.07625pt>
File: classBrightness__inherit__graph.pdf Graphic file (type pdf)
<use classBrightness__inherit__graph.pdf>
Package pdftex.def Info: classBrightness__inherit__graph.pdf  used on input lin
e 14.
(pdftex.def)             Requested size: 193.0pt x 287.00298pt.
 [13] <./classBrightness__coll__graph.pdf>
<classBrightness__coll__graph.pdf, id=1564, 193.72375pt x 288.07625pt>
File: classBrightness__coll__graph.pdf Graphic file (type pdf)
<use classBrightness__coll__graph.pdf>
Package pdftex.def Info: classBrightness__coll__graph.pdf  used on input line 2
4.
(pdftex.def)             Requested size: 193.0pt x 287.00298pt.
 [14] <./classBrightness_a3583326e8c080021524d071cffda35b8_icgraph.pdf>
<classBrightness_a3583326e8c080021524d071cffda35b8_icgraph.pdf, id=1585, 366.36
874pt x 100.375pt>
File: classBrightness_a3583326e8c080021524d071cffda35b8_icgraph.pdf Graphic fil
e (type pdf)
<use classBrightness_a3583326e8c080021524d071cffda35b8_icgraph.pdf>
Package pdftex.def Info: classBrightness_a3583326e8c080021524d071cffda35b8_icgr
aph.pdf  used on input line 107.
(pdftex.def)             Requested size: 350.0pt x 95.89635pt.
 [15]) (./classcredentialException.tex <./classcredentialException__inherit__gr
aph.pdf

pdfTeX warning: pdflatex (file ./classcredentialException__inherit__graph.pdf):
 PDF inclusion: multiple pdfs with page group included in a single page
>
<classcredentialException__inherit__graph.pdf, id=1604, 212.795pt x 232.87pt>
File: classcredentialException__inherit__graph.pdf Graphic file (type pdf)
<use classcredentialException__inherit__graph.pdf>
Package pdftex.def Info: classcredentialException__inherit__graph.pdf  used on 
input line 19.
(pdftex.def)             Requested size: 212.0pt x 232.01306pt.
 <./classcredentialException__coll__graph.pdf

pdfTeX warning: pdflatex (file ./classcredentialException__coll__graph.pdf): PD
F inclusion: multiple pdfs with page group included in a single page
>
<classcredentialException__coll__graph.pdf, id=1612, 212.795pt x 232.87pt>
File: classcredentialException__coll__graph.pdf Graphic file (type pdf)
<use classcredentialException__coll__graph.pdf>
Package pdftex.def Info: classcredentialException__coll__graph.pdf  used on inp
ut line 29.
(pdftex.def)             Requested size: 212.0pt x 232.01306pt.
 [16]) (./classDashboard.tex <./classDashboard__coll__graph.pdf>
<classDashboard__coll__graph.pdf, id=1629, 233.87375pt x 497.86pt>
File: classDashboard__coll__graph.pdf Graphic file (type pdf)
<use classDashboard__coll__graph.pdf>
Package pdftex.def Info: classDashboard__coll__graph.pdf  used on input line 14
.
(pdftex.def)             Requested size: 233.0pt x 496.02797pt.
 [17]
LaTeX Font Info:    Font shape `T1/phv/m/n' will be
(Font)              scaled to size 8.09995pt on input line 23.
LaTeX Font Info:    Font shape `T1/phv/m/it' in size <9> not available
(Font)              Font shape `T1/phv/m/sl' tried instead on input line 23.
LaTeX Font Info:    Font shape `T1/phv/m/sl' will be
(Font)              scaled to size 8.09995pt on input line 23.
 [18]
Overfull \hbox (19.15001pt too wide) in paragraph at lines 102--102
[]\T1/pcr/m/n/7 "$\OMS/cmsy/m/n/7 n$\T1/pcr/m/n/7 n----------------------------
------------------------------------------------------------------------$\OMS/c
msy/m/n/7 n$\T1/pcr/m/n/7 n"[] 
 []

[19] <./classDashboard_a3fb97b5c6b9504a2e3b5fed267511049_cgraph.pdf

pdfTeX warning: pdflatex (file ./classDashboard_a3fb97b5c6b9504a2e3b5fed2675110
49_cgraph.pdf): PDF inclusion: multiple pdfs with page group included in a sing
le page
>
<classDashboard_a3fb97b5c6b9504a2e3b5fed267511049_cgraph.pdf, id=1710, 395.4775
pt x 138.5175pt>
File: classDashboard_a3fb97b5c6b9504a2e3b5fed267511049_cgraph.pdf Graphic file 
(type pdf)
<use classDashboard_a3fb97b5c6b9504a2e3b5fed267511049_cgraph.pdf>
Package pdftex.def Info: classDashboard_a3fb97b5c6b9504a2e3b5fed267511049_cgrap
h.pdf  used on input line 146.
(pdftex.def)             Requested size: 350.0pt x 122.59114pt.
 [20] <./classDashboard_aae48f10aceb9a1d9cea5919d0abc6759_icgraph.pdf>
<classDashboard_aae48f10aceb9a1d9cea5919d0abc6759_icgraph.pdf, id=1730, 335.252
5pt x 214.8025pt>
File: classDashboard_aae48f10aceb9a1d9cea5919d0abc6759_icgraph.pdf Graphic file
 (type pdf)
<use classDashboard_aae48f10aceb9a1d9cea5919d0abc6759_icgraph.pdf>
Package pdftex.def Info: classDashboard_aae48f10aceb9a1d9cea5919d0abc6759_icgra
ph.pdf  used on input line 189.
(pdftex.def)             Requested size: 334.0pt x 213.99895pt.
LaTeX Font Info:    Font shape `T1/pcr/m/it' in size <8> not available
(Font)              Font shape `T1/pcr/m/sl' tried instead on input line 196.
LaTeX Font Info:    Font shape `T1/pcr/m/it' in size <7> not available
(Font)              Font shape `T1/pcr/m/sl' tried instead on input line 196.
 <./classDashboard_af977427f89504aa2b25a03902d40018a_icgraph.pdf

pdfTeX warning: pdflatex (file ./classDashboard_af977427f89504aa2b25a03902d4001
8a_icgraph.pdf): PDF inclusion: multiple pdfs with page group included in a sin
gle page
>
<classDashboard_af977427f89504aa2b25a03902d40018a_icgraph.pdf, id=1742, 284.061
25pt x 100.375pt>
File: classDashboard_af977427f89504aa2b25a03902d40018a_icgraph.pdf Graphic file
 (type pdf)
<use classDashboard_af977427f89504aa2b25a03902d40018a_icgraph.pdf>
Package pdftex.def Info: classDashboard_af977427f89504aa2b25a03902d40018a_icgra
ph.pdf  used on input line 223.
(pdftex.def)             Requested size: 283.0pt x 100.01021pt.
 [21]
Overfull \hbox (19.15001pt too wide) in paragraph at lines 247--247
[]\T1/pcr/m/n/7 "$\OMS/cmsy/m/n/7 n$\T1/pcr/m/n/7 n----------------------------
------------------------------------------------------------------------$\OMS/c
msy/m/n/7 n$\T1/pcr/m/n/7 n"[] 
 []

 <./classDashboard_ad5eb81283274fd24e22363cc917bc023_cgraph.pdf>
<classDashboard_ad5eb81283274fd24e22363cc917bc023_cgraph.pdf, id=1774, 413.545p
t x 138.5175pt>
File: classDashboard_ad5eb81283274fd24e22363cc917bc023_cgraph.pdf Graphic file 
(type pdf)
<use classDashboard_ad5eb81283274fd24e22363cc917bc023_cgraph.pdf>
Package pdftex.def Info: classDashboard_ad5eb81283274fd24e22363cc917bc023_cgrap
h.pdf  used on input line 281.
(pdftex.def)             Requested size: 350.0pt x 117.23526pt.
 [22] <./classDashboard_ac1c0e69c932b20c1979636f8a5bab13e_cgraph.pdf>
<classDashboard_ac1c0e69c932b20c1979636f8a5bab13e_cgraph.pdf, id=1792, 497.86pt
 x 138.5175pt>
File: classDashboard_ac1c0e69c932b20c1979636f8a5bab13e_cgraph.pdf Graphic file 
(type pdf)
<use classDashboard_ac1c0e69c932b20c1979636f8a5bab13e_cgraph.pdf>
Package pdftex.def Info: classDashboard_ac1c0e69c932b20c1979636f8a5bab13e_cgrap
h.pdf  used on input line 323.
(pdftex.def)             Requested size: 350.0pt x 97.38007pt.

Overfull \hbox (19.15001pt too wide) in paragraph at lines 347--347
[]\T1/pcr/m/n/7 "$\OMS/cmsy/m/n/7 n$\T1/pcr/m/n/7 n----------------------------
------------------------------------------------------------------------$\OMS/c
msy/m/n/7 n$\T1/pcr/m/n/7 n"[] 
 []

[23] <./classDashboard_a5a7dc708aa144c1e95c551d3fde3ee85_cgraph.pdf>
<classDashboard_a5a7dc708aa144c1e95c551d3fde3ee85_cgraph.pdf, id=1826, 355.3275
pt x 100.375pt>
File: classDashboard_a5a7dc708aa144c1e95c551d3fde3ee85_cgraph.pdf Graphic file 
(type pdf)
<use classDashboard_a5a7dc708aa144c1e95c551d3fde3ee85_cgraph.pdf>
Package pdftex.def Info: classDashboard_a5a7dc708aa144c1e95c551d3fde3ee85_cgrap
h.pdf  used on input line 391.
(pdftex.def)             Requested size: 350.0pt x 98.87376pt.
 [24]
Overfull \hbox (19.15001pt too wide) in paragraph at lines 415--415
[]\T1/pcr/m/n/7 "$\OMS/cmsy/m/n/7 n$\T1/pcr/m/n/7 n----------------------------
------------------------------------------------------------------------$\OMS/c
msy/m/n/7 n$\T1/pcr/m/n/7 n"[] 
 []

 <./classDashboard_aef530a74e8f8a4ef5f6a24a5da8c2784_cgraph.pdf>
<classDashboard_aef530a74e8f8a4ef5f6a24a5da8c2784_cgraph.pdf, id=1868, 376.4062
5pt x 252.945pt>
File: classDashboard_aef530a74e8f8a4ef5f6a24a5da8c2784_cgraph.pdf Graphic file 
(type pdf)
<use classDashboard_aef530a74e8f8a4ef5f6a24a5da8c2784_cgraph.pdf>
Package pdftex.def Info: classDashboard_aef530a74e8f8a4ef5f6a24a5da8c2784_cgrap
h.pdf  used on input line 473.
(pdftex.def)             Requested size: 350.0pt x 235.21712pt.
 [25] [26]
[27]) (./classDataBase.tex <./classDataBase__coll__graph.pdf

pdfTeX warning: pdflatex (file ./classDataBase__coll__graph.pdf): PDF inclusion
: multiple pdfs with page group included in a single page
>
<classDataBase__coll__graph.pdf, id=1919, 168.63pt x 271.0125pt>
File: classDataBase__coll__graph.pdf Graphic file (type pdf)
<use classDataBase__coll__graph.pdf>
Package pdftex.def Info: classDataBase__coll__graph.pdf  used on input line 14.

(pdftex.def)             Requested size: 168.0pt x 270.00694pt.
LaTeX Font Info:    Font shape `T1/phv/m/it' in size <7> not available
(Font)              Font shape `T1/phv/m/sl' tried instead on input line 25.
LaTeX Font Info:    Font shape `T1/phv/m/sl' will be
(Font)              scaled to size 6.29996pt on input line 25.
 [28] [29] <./classDataBase_a3e4d935dada84092c2b3c911f7e679f5_icgraph.pdf

pdfTeX warning: pdflatex (file ./classDataBase_a3e4d935dada84092c2b3c911f7e679f
5_icgraph.pdf): PDF inclusion: multiple pdfs with page group included in a sing
le page
>
<classDataBase_a3e4d935dada84092c2b3c911f7e679f5_icgraph.pdf, id=1973, 395.4775
pt x 100.375pt>
File: classDataBase_a3e4d935dada84092c2b3c911f7e679f5_icgraph.pdf Graphic file 
(type pdf)
<use classDataBase_a3e4d935dada84092c2b3c911f7e679f5_icgraph.pdf>
Package pdftex.def Info: classDataBase_a3e4d935dada84092c2b3c911f7e679f5_icgrap
h.pdf  used on input line 136.
(pdftex.def)             Requested size: 350.0pt x 88.83415pt.
 [30] <./classDataBase_af38de436cb7a0f9a6cc1c245fe68caac_icgraph.pdf>
<classDataBase_af38de436cb7a0f9a6cc1c245fe68caac_icgraph.pdf, id=1990, 413.545p
t x 100.375pt>
File: classDataBase_af38de436cb7a0f9a6cc1c245fe68caac_icgraph.pdf Graphic file 
(type pdf)
<use classDataBase_af38de436cb7a0f9a6cc1c245fe68caac_icgraph.pdf>
Package pdftex.def Info: classDataBase_af38de436cb7a0f9a6cc1c245fe68caac_icgrap
h.pdf  used on input line 171.
(pdftex.def)             Requested size: 350.0pt x 84.95308pt.
 <./classDataBase_acc28420d9a913167e68b68f361666155_cgraph.pdf

pdfTeX warning: pdflatex (file ./classDataBase_acc28420d9a913167e68b68f36166615
5_cgraph.pdf): PDF inclusion: multiple pdfs with page group included in a singl
e page
>
<classDataBase_acc28420d9a913167e68b68f361666155_cgraph.pdf, id=2003, 354.32375
pt x 100.375pt>
File: classDataBase_acc28420d9a913167e68b68f361666155_cgraph.pdf Graphic file (
type pdf)
<use classDataBase_acc28420d9a913167e68b68f361666155_cgraph.pdf>
Package pdftex.def Info: classDataBase_acc28420d9a913167e68b68f361666155_cgraph
.pdf  used on input line 222.
(pdftex.def)             Requested size: 350.0pt x 99.15251pt.
 [31] <./classDataBase_acc28420d9a913167e68b68f361666155_icgraph.pdf>
<classDataBase_acc28420d9a913167e68b68f361666155_icgraph.pdf, id=2018, 277.035p
t x 100.375pt>
File: classDataBase_acc28420d9a913167e68b68f361666155_icgraph.pdf Graphic file 
(type pdf)
<use classDataBase_acc28420d9a913167e68b68f361666155_icgraph.pdf>
Package pdftex.def Info: classDataBase_acc28420d9a913167e68b68f361666155_icgrap
h.pdf  used on input line 230.
(pdftex.def)             Requested size: 276.0pt x 100.00102pt.
 <./classDataBase_af6ab6c26576ea672c207d8553ade271f_icgraph.pdf

pdfTeX warning: pdflatex (file ./classDataBase_af6ab6c26576ea672c207d8553ade271
f_icgraph.pdf): PDF inclusion: multiple pdfs with page group included in a sing
le page
>
<classDataBase_af6ab6c26576ea672c207d8553ade271f_icgraph.pdf, id=2028, 402.5037
5pt x 138.5175pt>
File: classDataBase_af6ab6c26576ea672c207d8553ade271f_icgraph.pdf Graphic file 
(type pdf)
<use classDataBase_af6ab6c26576ea672c207d8553ade271f_icgraph.pdf>
Package pdftex.def Info: classDataBase_af6ab6c26576ea672c207d8553ade271f_icgrap
h.pdf  used on input line 263.
(pdftex.def)             Requested size: 350.0pt x 120.44794pt.
 [32]
LaTeX Font Info:    Font shape `T1/phv/bc/n' will be
(Font)              scaled to size 8.99994pt on input line 276.

Underfull \hbox (badness 10000) detected at line 276
[][][]
 []

 <./classDataBase_a95d2b301efc3ca8c2e6f753c462969a7_icgraph.pdf>
<classDataBase_a95d2b301efc3ca8c2e6f753c462969a7_icgraph.pdf, id=2052, 388.4512
5pt x 100.375pt>
File: classDataBase_a95d2b301efc3ca8c2e6f753c462969a7_icgraph.pdf Graphic file 
(type pdf)
<use classDataBase_a95d2b301efc3ca8c2e6f753c462969a7_icgraph.pdf>
Package pdftex.def Info: classDataBase_a95d2b301efc3ca8c2e6f753c462969a7_icgrap
h.pdf  used on input line 321.
(pdftex.def)             Requested size: 350.0pt x 90.4408pt.
 [33] <./classDataBase_a58c062b3191ce56ee860af493f651818_cgraph.pdf>
<classDataBase_a58c062b3191ce56ee860af493f651818_cgraph.pdf, id=2071, 357.335pt
 x 138.5175pt>
File: classDataBase_a58c062b3191ce56ee860af493f651818_cgraph.pdf Graphic file (
type pdf)
<use classDataBase_a58c062b3191ce56ee860af493f651818_cgraph.pdf>
Package pdftex.def Info: classDataBase_a58c062b3191ce56ee860af493f651818_cgraph
.pdf  used on input line 378.
(pdftex.def)             Requested size: 350.0pt x 135.68068pt.
 <./classDataBase_a58c062b3191ce56ee860af493f651818_icgraph.pdf

pdfTeX warning: pdflatex (file ./classDataBase_a58c062b3191ce56ee860af493f65181
8_icgraph.pdf): PDF inclusion: multiple pdfs with page group included in a sing
le page
>
<classDataBase_a58c062b3191ce56ee860af493f651818_icgraph.pdf, id=2079, 343.2825
pt x 100.375pt>
File: classDataBase_a58c062b3191ce56ee860af493f651818_icgraph.pdf Graphic file 
(type pdf)
<use classDataBase_a58c062b3191ce56ee860af493f651818_icgraph.pdf>
Package pdftex.def Info: classDataBase_a58c062b3191ce56ee860af493f651818_icgrap
h.pdf  used on input line 386.
(pdftex.def)             Requested size: 342.0pt x 99.9995pt.
 [34]) (./classEmployer.tex <./classEmployer__inherit__graph.pdf>
<classEmployer__inherit__graph.pdf, id=2098, 188.705pt x 376.40625pt>
File: classEmployer__inherit__graph.pdf Graphic file (type pdf)
<use classEmployer__inherit__graph.pdf>
Package pdftex.def Info: classEmployer__inherit__graph.pdf  used on input line 
14.
(pdftex.def)             Requested size: 188.0pt x 374.99815pt.
 [35] <./classEmployer__coll__graph.pdf

pdfTeX warning: pdflatex (file ./classEmployer__coll__graph.pdf): PDF inclusion
: multiple pdfs with page group included in a single page
>
<classEmployer__coll__graph.pdf, id=2112, 188.705pt x 376.40625pt>
File: classEmployer__coll__graph.pdf Graphic file (type pdf)
<use classEmployer__coll__graph.pdf>
Package pdftex.def Info: classEmployer__coll__graph.pdf  used on input line 24.

(pdftex.def)             Requested size: 188.0pt x 374.99815pt.
 [36] [37]) (./classHumidity.tex <./classHumidity__inherit__graph.pdf>
<classHumidity__inherit__graph.pdf, id=2140, 193.72375pt x 288.07625pt>
File: classHumidity__inherit__graph.pdf Graphic file (type pdf)
<use classHumidity__inherit__graph.pdf>
Package pdftex.def Info: classHumidity__inherit__graph.pdf  used on input line 
14.
(pdftex.def)             Requested size: 193.0pt x 287.00298pt.
 <./classHumidity__coll__graph.pdf

pdfTeX warning: pdflatex (file ./classHumidity__coll__graph.pdf): PDF inclusion
: multiple pdfs with page group included in a single page
>
<classHumidity__coll__graph.pdf, id=2149, 193.72375pt x 288.07625pt>
File: classHumidity__coll__graph.pdf Graphic file (type pdf)
<use classHumidity__coll__graph.pdf>
Package pdftex.def Info: classHumidity__coll__graph.pdf  used on input line 24.

(pdftex.def)             Requested size: 193.0pt x 287.00298pt.
 [38] [39] <./classHumidity_a9a853642d8bbcd790de7cbdc5820ca01_icgraph.pdf>
<classHumidity_a9a853642d8bbcd790de7cbdc5820ca01_icgraph.pdf, id=2179, 359.3425
pt x 100.375pt>
File: classHumidity_a9a853642d8bbcd790de7cbdc5820ca01_icgraph.pdf Graphic file 
(type pdf)
<use classHumidity_a9a853642d8bbcd790de7cbdc5820ca01_icgraph.pdf>
Package pdftex.def Info: classHumidity_a9a853642d8bbcd790de7cbdc5820ca01_icgrap
h.pdf  used on input line 115.
(pdftex.def)             Requested size: 350.0pt x 97.77255pt.
)
(./classinstructionException.tex <./classinstructionException__inherit__graph.p
df

pdfTeX warning: pdflatex (file ./classinstructionException__inherit__graph.pdf)
: PDF inclusion: multiple pdfs with page group included in a single page
>
<classinstructionException__inherit__graph.pdf, id=2189, 215.80624pt x 232.87pt
>
File: classinstructionException__inherit__graph.pdf Graphic file (type pdf)
<use classinstructionException__inherit__graph.pdf>
Package pdftex.def Info: classinstructionException__inherit__graph.pdf  used on
 input line 19.
(pdftex.def)             Requested size: 215.0pt x 232.00595pt.
 [40] <./classinstructionException__coll__graph.pdf>
<classinstructionException__coll__graph.pdf, id=2203, 215.80624pt x 232.87pt>
File: classinstructionException__coll__graph.pdf Graphic file (type pdf)
<use classinstructionException__coll__graph.pdf>
Package pdftex.def Info: classinstructionException__coll__graph.pdf  used on in
put line 29.
(pdftex.def)             Requested size: 215.0pt x 232.00595pt.
 [41]) (./classLogin.tex <./classLogin__coll__graph.pdf>
<classLogin__coll__graph.pdf, id=2223, 217.81375pt x 497.86pt>
File: classLogin__coll__graph.pdf Graphic file (type pdf)
<use classLogin__coll__graph.pdf>
Package pdftex.def Info: classLogin__coll__graph.pdf  used on input line 14.
(pdftex.def)             Requested size: 217.0pt x 495.99757pt.
 [42]
LaTeX Font Info:    Font shape `TS1/phv/m/it' in size <9> not available
(Font)              Font shape `TS1/phv/m/sl' tried instead on input line 34.
LaTeX Font Info:    Font shape `TS1/phv/m/sl' will be
(Font)              scaled to size 8.09995pt on input line 34.
 [43] [44] <./classLogin_abaac8441e6610c422f3c66fd44afe40d_cgraph.pdf

pdfTeX warning: pdflatex (file ./classLogin_abaac8441e6610c422f3c66fd44afe40d_c
graph.pdf): PDF inclusion: multiple pdfs with page group included in a single p
age
>
<classLogin_abaac8441e6610c422f3c66fd44afe40d_cgraph.pdf, id=2290, 388.45125pt 
x 100.375pt>
File: classLogin_abaac8441e6610c422f3c66fd44afe40d_cgraph.pdf Graphic file (typ
e pdf)
<use classLogin_abaac8441e6610c422f3c66fd44afe40d_cgraph.pdf>
Package pdftex.def Info: classLogin_abaac8441e6610c422f3c66fd44afe40d_cgraph.pd
f  used on input line 130.
(pdftex.def)             Requested size: 350.0pt x 90.4408pt.
 [45] <./classLogin_a32b8dbfa51d655d438e70592c5e00d6d_icgraph.pdf>
<classLogin_a32b8dbfa51d655d438e70592c5e00d6d_icgraph.pdf, id=2308, 290.08376pt
 x 100.375pt>
File: classLogin_a32b8dbfa51d655d438e70592c5e00d6d_icgraph.pdf Graphic file (ty
pe pdf)
<use classLogin_a32b8dbfa51d655d438e70592c5e00d6d_icgraph.pdf>
Package pdftex.def Info: classLogin_a32b8dbfa51d655d438e70592c5e00d6d_icgraph.p
df  used on input line 257.
(pdftex.def)             Requested size: 289.0pt x 100.00562pt.
 [46] <./classLogin_ad1f2fcf708e074a400e9a0c710f82711_icgraph.pdf>
<classLogin_ad1f2fcf708e074a400e9a0c710f82711_icgraph.pdf, id=2326, 230.8625pt 
x 100.375pt>
File: classLogin_ad1f2fcf708e074a400e9a0c710f82711_icgraph.pdf Graphic file (ty
pe pdf)
<use classLogin_ad1f2fcf708e074a400e9a0c710f82711_icgraph.pdf>
Package pdftex.def Info: classLogin_ad1f2fcf708e074a400e9a0c710f82711_icgraph.p
df  used on input line 290.
(pdftex.def)             Requested size: 230.0pt x 100.00102pt.
 [47])
(./classSecurity.tex <./classSecurity__coll__graph.pdf>
<classSecurity__coll__graph.pdf, id=2354, 197.73875pt x 248.93pt>
File: classSecurity__coll__graph.pdf Graphic file (type pdf)
<use classSecurity__coll__graph.pdf>
Package pdftex.def Info: classSecurity__coll__graph.pdf  used on input line 14.

(pdftex.def)             Requested size: 197.0pt x 248.00258pt.
 [48] [49] <./classSecurity_af8004a734ddfa73328fd87890924acf6_cgraph.pdf>
<classSecurity_af8004a734ddfa73328fd87890924acf6_cgraph.pdf, id=2408, 326.21875
pt x 100.375pt>
File: classSecurity_af8004a734ddfa73328fd87890924acf6_cgraph.pdf Graphic file (
type pdf)
<use classSecurity_af8004a734ddfa73328fd87890924acf6_cgraph.pdf>
Package pdftex.def Info: classSecurity_af8004a734ddfa73328fd87890924acf6_cgraph
.pdf  used on input line 132.
(pdftex.def)             Requested size: 325.0pt x 100.00868pt.
 [50] <./classSecurity_a00b9caa35b45beeaa4a59cae40fa8793_cgraph.pdf

pdfTeX warning: pdflatex (file ./classSecurity_a00b9caa35b45beeaa4a59cae40fa879
3_cgraph.pdf): PDF inclusion: multiple pdfs with page group included in a singl
e page
>
<classSecurity_a00b9caa35b45beeaa4a59cae40fa8793_cgraph.pdf, id=2430, 334.24875
pt x 100.375pt>
File: classSecurity_a00b9caa35b45beeaa4a59cae40fa8793_cgraph.pdf Graphic file (
type pdf)
<use classSecurity_a00b9caa35b45beeaa4a59cae40fa8793_cgraph.pdf>
Package pdftex.def Info: classSecurity_a00b9caa35b45beeaa4a59cae40fa8793_cgraph
.pdf  used on input line 175.
(pdftex.def)             Requested size: 333.0pt x 100.00868pt.
 [51] <./classSecurity_a803237d53399af6da507aa3226119196_cgraph.pdf>
<classSecurity_a803237d53399af6da507aa3226119196_cgraph.pdf, id=2456, 319.1925p
t x 100.375pt>
File: classSecurity_a803237d53399af6da507aa3226119196_cgraph.pdf Graphic file (
type pdf)
<use classSecurity_a803237d53399af6da507aa3226119196_cgraph.pdf>
Package pdftex.def Info: classSecurity_a803237d53399af6da507aa3226119196_cgraph
.pdf  used on input line 229.
(pdftex.def)             Requested size: 318.0pt x 100.00102pt.

Underfull \hbox (badness 10000) detected at line 242
[][][]
 []

[52] <./classSecurity_a958ecc5c54bb9095a1c244658f69e5c5_icgraph.pdf>
<classSecurity_a958ecc5c54bb9095a1c244658f69e5c5_icgraph.pdf, id=2482, 355.3275
pt x 100.375pt>
File: classSecurity_a958ecc5c54bb9095a1c244658f69e5c5_icgraph.pdf Graphic file 
(type pdf)
<use classSecurity_a958ecc5c54bb9095a1c244658f69e5c5_icgraph.pdf>
Package pdftex.def Info: classSecurity_a958ecc5c54bb9095a1c244658f69e5c5_icgrap
h.pdf  used on input line 332.
(pdftex.def)             Requested size: 350.0pt x 98.87376pt.
 [53] <./classSecurity_a9c081e47e5996b62af89b22d90a875d3_cgraph.pdf

pdfTeX warning: pdflatex (file ./classSecurity_a9c081e47e5996b62af89b22d90a875d
3_cgraph.pdf): PDF inclusion: multiple pdfs with page group included in a singl
e page
>
<classSecurity_a9c081e47e5996b62af89b22d90a875d3_cgraph.pdf, id=2506, 335.2525p
t x 100.375pt>
File: classSecurity_a9c081e47e5996b62af89b22d90a875d3_cgraph.pdf Graphic file (
type pdf)
<use classSecurity_a9c081e47e5996b62af89b22d90a875d3_cgraph.pdf>
Package pdftex.def Info: classSecurity_a9c081e47e5996b62af89b22d90a875d3_cgraph
.pdf  used on input line 384.
(pdftex.def)             Requested size: 334.0pt x 99.9995pt.
 [54]) (./classSensor.tex <./classSensor__inherit__graph.pdf>
<classSensor__inherit__graph.pdf, id=2523, 485.815pt x 288.07625pt>
File: classSensor__inherit__graph.pdf Graphic file (type pdf)
<use classSensor__inherit__graph.pdf>
Package pdftex.def Info: classSensor__inherit__graph.pdf  used on input line 14
.
(pdftex.def)             Requested size: 350.0pt x 207.53781pt.
 <./classSensor__coll__graph.pdf

pdfTeX warning: pdflatex (file ./classSensor__coll__graph.pdf): PDF inclusion: 
multiple pdfs with page group included in a single page
>
<classSensor__coll__graph.pdf, id=2531, 193.72375pt x 182.6825pt>
File: classSensor__coll__graph.pdf Graphic file (type pdf)
<use classSensor__coll__graph.pdf>
Package pdftex.def Info: classSensor__coll__graph.pdf  used on input line 24.
(pdftex.def)             Requested size: 193.0pt x 182.00188pt.
 [55] [56] [57] <./classSensor_a5dc59fbc34a1432538d0af51d0c93486_icgraph.pdf

pdfTeX warning: pdflatex (file ./classSensor_a5dc59fbc34a1432538d0af51d0c93486_
icgraph.pdf): PDF inclusion: multiple pdfs with page group included in a single
 page
>
<classSensor_a5dc59fbc34a1432538d0af51d0c93486_icgraph.pdf, id=2576, 348.30125p
t x 100.375pt>
File: classSensor_a5dc59fbc34a1432538d0af51d0c93486_icgraph.pdf Graphic file (t
ype pdf)
<use classSensor_a5dc59fbc34a1432538d0af51d0c93486_icgraph.pdf>
Package pdftex.def Info: classSensor_a5dc59fbc34a1432538d0af51d0c93486_icgraph.
pdf  used on input line 180.
(pdftex.def)             Requested size: 347.0pt x 100.00409pt.

Underfull \hbox (badness 10000) detected at line 199
[][][]
 []

) (./classstringException.tex [58] <./classstringException__inherit__graph.pdf>
<classstringException__inherit__graph.pdf, id=2592, 191.71625pt x 232.87pt>
File: classstringException__inherit__graph.pdf Graphic file (type pdf)
<use classstringException__inherit__graph.pdf>
Package pdftex.def Info: classstringException__inherit__graph.pdf  used on inpu
t line 19.
(pdftex.def)             Requested size: 191.0pt x 232.01306pt.
 <./classstringException__coll__graph.pdf

pdfTeX warning: pdflatex (file ./classstringException__coll__graph.pdf): PDF in
clusion: multiple pdfs with page group included in a single page
>
<classstringException__coll__graph.pdf, id=2600, 191.71625pt x 232.87pt>
File: classstringException__coll__graph.pdf Graphic file (type pdf)
<use classstringException__coll__graph.pdf>
Package pdftex.def Info: classstringException__coll__graph.pdf  used on input l
ine 29.
(pdftex.def)             Requested size: 191.0pt x 232.01306pt.
 [59]) (./classTemperature.tex <./classTemperature__inherit__graph.pdf>
<classTemperature__inherit__graph.pdf, id=2617, 193.72375pt x 288.07625pt>
File: classTemperature__inherit__graph.pdf Graphic file (type pdf)
<use classTemperature__inherit__graph.pdf>
Package pdftex.def Info: classTemperature__inherit__graph.pdf  used on input li
ne 14.
(pdftex.def)             Requested size: 193.0pt x 287.00298pt.

[60] <./classTemperature__coll__graph.pdf>
<classTemperature__coll__graph.pdf, id=2633, 193.72375pt x 288.07625pt>
File: classTemperature__coll__graph.pdf Graphic file (type pdf)
<use classTemperature__coll__graph.pdf>
Package pdftex.def Info: classTemperature__coll__graph.pdf  used on input line 
24.
(pdftex.def)             Requested size: 193.0pt x 287.00298pt.
 [61]
LaTeX Font Info:    Trying to load font information for TS1+pcr on input line 8
6.

(/usr/share/texlive/texmf-dist/tex/latex/psnfss/ts1pcr.fd
File: ts1pcr.fd 2001/06/04 font definitions for TS1/pcr.
) <./classTemperature_a5f4320f095ac75111cec07a32bef5542_icgraph.pdf>
<classTemperature_a5f4320f095ac75111cec07a32bef5542_icgraph.pdf, id=2655, 376.4
0625pt x 100.375pt>
File: classTemperature_a5f4320f095ac75111cec07a32bef5542_icgraph.pdf Graphic fi
le (type pdf)
<use classTemperature_a5f4320f095ac75111cec07a32bef5542_icgraph.pdf>
Package pdftex.def Info: classTemperature_a5f4320f095ac75111cec07a32bef5542_icg
raph.pdf  used on input line 116.
(pdftex.def)             Requested size: 350.0pt x 93.3401pt.
 [62]) (./classUser.tex <./classUser__inherit__graph.pdf

pdfTeX warning: pdflatex (file ./classUser__inherit__graph.pdf): PDF inclusion:
 multiple pdfs with page group included in a single page
>
<classUser__inherit__graph.pdf, id=2673, 248.93pt x 376.40625pt>
File: classUser__inherit__graph.pdf Graphic file (type pdf)
<use classUser__inherit__graph.pdf>
Package pdftex.def Info: classUser__inherit__graph.pdf  used on input line 14.
(pdftex.def)             Requested size: 248.0pt x 375.00964pt.
 [63] <./classUser__coll__graph.pdf>
<classUser__coll__graph.pdf, id=2687, 188.705pt x 282.05376pt>
File: classUser__coll__graph.pdf Graphic file (type pdf)
<use classUser__coll__graph.pdf>
Package pdftex.def Info: classUser__coll__graph.pdf  used on input line 24.
(pdftex.def)             Requested size: 188.0pt x 280.99863pt.
 [64] [65] <./classUser_a2442bd0bf2b21139c350edbb1e6cff5b_icgraph.pdf>
<classUser_a2442bd0bf2b21139c350edbb1e6cff5b_icgraph.pdf, id=2753, 497.86pt x 1
38.5175pt>
File: classUser_a2442bd0bf2b21139c350edbb1e6cff5b_icgraph.pdf Graphic file (typ
e pdf)
<use classUser_a2442bd0bf2b21139c350edbb1e6cff5b_icgraph.pdf>
Package pdftex.def Info: classUser_a2442bd0bf2b21139c350edbb1e6cff5b_icgraph.pd
f  used on input line 134.
(pdftex.def)             Requested size: 350.0pt x 97.38007pt.
 [66]
Underfull \hbox (badness 10000) detected at line 147
[][][]
 []


Underfull \hbox (badness 10000) detected at line 175
[][][]
 []


Underfull \hbox (badness 10000) detected at line 203
[][][]
 []


Underfull \hbox (badness 10000) detected at line 231
[][][]
 []

[67] <./classUser_a88793d84077d27a1ed1e8360959e836b_icgraph.pdf

pdfTeX warning: pdflatex (file ./classUser_a88793d84077d27a1ed1e8360959e836b_ic
graph.pdf): PDF inclusion: multiple pdfs with page group included in a single p
age
>
<classUser_a88793d84077d27a1ed1e8360959e836b_icgraph.pdf, id=2788, 496.85625pt 
x 100.375pt>
File: classUser_a88793d84077d27a1ed1e8360959e836b_icgraph.pdf Graphic file (typ
e pdf)
<use classUser_a88793d84077d27a1ed1e8360959e836b_icgraph.pdf>
Package pdftex.def Info: classUser_a88793d84077d27a1ed1e8360959e836b_icgraph.pd
f  used on input line 297.
(pdftex.def)             Requested size: 350.0pt x 70.7077pt.
 [68] [69]) [70]
Chapter 5.
(./Admin_8h.tex <./Admin_8h__incl.pdf

pdfTeX warning: pdflatex (file ./Admin_8h__incl.pdf): PDF inclusion: multiple p
dfs with page group included in a single page
>
<Admin_8h__incl.pdf, id=2817, 337.26pt x 156.585pt>
File: Admin_8h__incl.pdf Graphic file (type pdf)
<use Admin_8h__incl.pdf>
Package pdftex.def Info: Admin_8h__incl.pdf  used on input line 12.
(pdftex.def)             Requested size: 336.0pt x 156.004pt.

Underfull \hbox (badness 10000) detected at line 23
[][][]
 []


Underfull \hbox (badness 10000) detected at line 26
[][][]
 []


Underfull \hbox (badness 10000) detected at line 29
[][][]
 []

[71

]
Underfull \hbox (badness 10000) detected at line 32
[][][]
 []

) (./AirQuality_8h.tex <./AirQuality_8h__incl.pdf>
<AirQuality_8h__incl.pdf, id=2835, 275.0275pt x 212.795pt>
File: AirQuality_8h__incl.pdf Graphic file (type pdf)
<use AirQuality_8h__incl.pdf>
Package pdftex.def Info: AirQuality_8h__incl.pdf  used on input line 17.
(pdftex.def)             Requested size: 274.0pt x 212.01843pt.
 <./AirQuality_8h__dep__incl.pdf

pdfTeX warning: pdflatex (file ./AirQuality_8h__dep__incl.pdf): PDF inclusion: 
multiple pdfs with page group included in a single page
>
<AirQuality_8h__dep__incl.pdf, id=2843, 307.1475pt x 156.585pt>
File: AirQuality_8h__dep__incl.pdf Graphic file (type pdf)
<use AirQuality_8h__dep__incl.pdf>
Package pdftex.def Info: AirQuality_8h__dep__incl.pdf  used on input line 25.
(pdftex.def)             Requested size: 306.0pt x 156.00879pt.
 [72]
Underfull \hbox (badness 10000) detected at line 38
[][][]
 []


Underfull \hbox (badness 10000) detected at line 41
[][][]
 []


Underfull \hbox (badness 10000) detected at line 44
[][][]
 []


Underfull \hbox (badness 10000) detected at line 47
[][][]
 []

) (./Brightness_8h.tex <./Brightness_8h__incl.pdf>
<Brightness_8h__incl.pdf, id=2860, 275.0275pt x 212.795pt>
File: Brightness_8h__incl.pdf Graphic file (type pdf)
<use Brightness_8h__incl.pdf>
Package pdftex.def Info: Brightness_8h__incl.pdf  used on input line 17.
(pdftex.def)             Requested size: 274.0pt x 212.01843pt.
 <./Brightness_8h__dep__incl.pdf

pdfTeX warning: pdflatex (file ./Brightness_8h__dep__incl.pdf): PDF inclusion: 
multiple pdfs with page group included in a single page
>
<Brightness_8h__dep__incl.pdf, id=2868, 313.17pt x 156.585pt>
File: Brightness_8h__dep__incl.pdf Graphic file (type pdf)
<use Brightness_8h__dep__incl.pdf>
Package pdftex.def Info: Brightness_8h__dep__incl.pdf  used on input line 25.
(pdftex.def)             Requested size: 312.0pt x 156.0064pt.
 [73]
Underfull \hbox (badness 10000) detected at line 38
[][][]
 []


Underfull \hbox (badness 10000) detected at line 41
[][][]
 []


Underfull \hbox (badness 10000) detected at line 44
[][][]
 []


Underfull \hbox (badness 10000) detected at line 47
[][][]
 []

) (./Dashboard_8h.tex <./Dashboard_8h__incl.pdf>
<Dashboard_8h__incl.pdf, id=2885, 472.76625pt x 212.795pt>
File: Dashboard_8h__incl.pdf Graphic file (type pdf)
<use Dashboard_8h__incl.pdf>
Package pdftex.def Info: Dashboard_8h__incl.pdf  used on input line 16.
(pdftex.def)             Requested size: 350.0pt x 157.5405pt.
 [74] <./Dashboard_8h__dep__incl.pdf>
<Dashboard_8h__dep__incl.pdf, id=2901, 495.8525pt x 156.585pt>
File: Dashboard_8h__dep__incl.pdf Graphic file (type pdf)
<use Dashboard_8h__dep__incl.pdf>
Package pdftex.def Info: Dashboard_8h__dep__incl.pdf  used on input line 24.
(pdftex.def)             Requested size: 350.0pt x 110.52623pt.

Underfull \hbox (badness 10000) detected at line 37
[][][]
 []


Underfull \hbox (badness 10000) detected at line 40
[][][]
 []


Underfull \hbox (badness 10000) detected at line 43
[][][]
 []

[75]
Underfull \hbox (badness 10000) detected at line 46
[][][]
 []

) (./DataBase_8h.tex <./DataBase_8h__incl.pdf>
<DataBase_8h__incl.pdf, id=2920, 472.76625pt x 156.585pt>
File: DataBase_8h__incl.pdf Graphic file (type pdf)
<use DataBase_8h__incl.pdf>
Package pdftex.def Info: DataBase_8h__incl.pdf  used on input line 19.
(pdftex.def)             Requested size: 350.0pt x 115.92603pt.
 <./DataBase_8h__dep__incl.pdf

pdfTeX warning: pdflatex (file ./DataBase_8h__dep__incl.pdf): PDF inclusion: mu
ltiple pdfs with page group included in a single page
>
<DataBase_8h__dep__incl.pdf, id=2928, 549.05125pt x 212.795pt>
File: DataBase_8h__dep__incl.pdf Graphic file (type pdf)
<use DataBase_8h__dep__incl.pdf>
Package pdftex.def Info: DataBase_8h__dep__incl.pdf  used on input line 27.
(pdftex.def)             Requested size: 350.0pt x 135.65257pt.

Underfull \hbox (badness 10000) detected at line 40
[][][]
 []

[76]
Underfull \hbox (badness 10000) detected at line 43
[][][]
 []


Underfull \hbox (badness 10000) detected at line 46
[][][]
 []


Underfull \hbox (badness 10000) detected at line 49
[][][]
 []

) (./Employer_8h.tex <./Employer_8h__incl.pdf>
<Employer_8h__incl.pdf, id=2947, 337.26pt x 156.585pt>
File: Employer_8h__incl.pdf Graphic file (type pdf)
<use Employer_8h__incl.pdf>
Package pdftex.def Info: Employer_8h__incl.pdf  used on input line 17.
(pdftex.def)             Requested size: 336.0pt x 156.004pt.

Underfull \hbox (badness 10000) detected at line 30
[][][]
 []


Underfull \hbox (badness 10000) detected at line 33
[][][]
 []

[77]
Underfull \hbox (badness 10000) detected at line 36
[][][]
 []


Underfull \hbox (badness 10000) detected at line 39
[][][]
 []

) (./Exceptions_8h.tex <./Exceptions_8h__incl.pdf>
<Exceptions_8h__incl.pdf, id=2965, 197.73875pt x 156.585pt>
File: Exceptions_8h__incl.pdf Graphic file (type pdf)
<use Exceptions_8h__incl.pdf>
Package pdftex.def Info: Exceptions_8h__incl.pdf  used on input line 14.
(pdftex.def)             Requested size: 197.0pt x 156.00162pt.
 <./Exceptions_8h__dep__incl.pdf

pdfTeX warning: pdflatex (file ./Exceptions_8h__dep__incl.pdf): PDF inclusion: 
multiple pdfs with page group included in a single page
>
<Exceptions_8h__dep__incl.pdf, id=2973, 406.51875pt x 156.585pt>
File: Exceptions_8h__dep__incl.pdf Graphic file (type pdf)
<use Exceptions_8h__dep__incl.pdf>
Package pdftex.def Info: Exceptions_8h__dep__incl.pdf  used on input line 22.
(pdftex.def)             Requested size: 350.0pt x 134.82054pt.
 [78]
Underfull \hbox (badness 10000) detected at line 41
[][][]
 []


Underfull \hbox (badness 10000) detected at line 44
[][][]
 []


Underfull \hbox (badness 10000) detected at line 47
[][][]
 []


Underfull \hbox (badness 10000) detected at line 50
[][][]
 []

) (./Humidity_8h.tex <./Humidity_8h__incl.pdf>
<Humidity_8h__incl.pdf, id=2994, 275.0275pt x 212.795pt>
File: Humidity_8h__incl.pdf Graphic file (type pdf)
<use Humidity_8h__incl.pdf>
Package pdftex.def Info: Humidity_8h__incl.pdf  used on input line 17.
(pdftex.def)             Requested size: 274.0pt x 212.01843pt.
 <./Humidity_8h__dep__incl.pdf

pdfTeX warning: pdflatex (file ./Humidity_8h__dep__incl.pdf): PDF inclusion: mu
ltiple pdfs with page group included in a single page
>
<Humidity_8h__dep__incl.pdf, id=3002, 305.14pt x 156.585pt>
File: Humidity_8h__dep__incl.pdf Graphic file (type pdf)
<use Humidity_8h__dep__incl.pdf>
Package pdftex.def Info: Humidity_8h__dep__incl.pdf  used on input line 25.
(pdftex.def)             Requested size: 304.0pt x 156.0064pt.
 [79]
Underfull \hbox (badness 10000) detected at line 38
[][][]
 []


Underfull \hbox (badness 10000) detected at line 41
[][][]
 []


Underfull \hbox (badness 10000) detected at line 44
[][][]
 []


Underfull \hbox (badness 10000) detected at line 47
[][][]
 []

) (./Login_8h.tex <./Login_8h__incl.pdf>
<Login_8h__incl.pdf, id=3022, 190.7125pt x 156.585pt>
File: Login_8h__incl.pdf Graphic file (type pdf)
<use Login_8h__incl.pdf>
Package pdftex.def Info: Login_8h__incl.pdf  used on input line 15.
(pdftex.def)             Requested size: 190.0pt x 156.0064pt.
 [80] <./Login_8h__dep__incl.pdf>
<Login_8h__dep__incl.pdf, id=3037, 404.51125pt x 212.795pt>
File: Login_8h__dep__incl.pdf Graphic file (type pdf)
<use Login_8h__dep__incl.pdf>
Package pdftex.def Info: Login_8h__dep__incl.pdf  used on input line 23.
(pdftex.def)             Requested size: 350.0pt x 184.12357pt.

Underfull \hbox (badness 10000) detected at line 36
[][][]
 []


Underfull \hbox (badness 10000) detected at line 39
[][][]
 []

[81]
Underfull \hbox (badness 10000) detected at line 42
[][][]
 []


Underfull \hbox (badness 10000) detected at line 45
[][][]
 []

) (./main_8h.tex <./main_8h__incl.pdf>
<main_8h__incl.pdf, id=3056, 341.275pt x 212.795pt>
File: main_8h__incl.pdf Graphic file (type pdf)
<use main_8h__incl.pdf>
Package pdftex.def Info: main_8h__incl.pdf  used on input line 18.
(pdftex.def)             Requested size: 340.0pt x 212.01193pt.
 <./main_8h__dep__incl.pdf

pdfTeX warning: pdflatex (file ./main_8h__dep__incl.pdf): PDF inclusion: multip
le pdfs with page group included in a single page
>
<main_8h__dep__incl.pdf, id=3064, 187.70125pt x 156.585pt>
File: main_8h__dep__incl.pdf Graphic file (type pdf)
<use main_8h__dep__incl.pdf>
Package pdftex.def Info: main_8h__dep__incl.pdf  used on input line 26.
(pdftex.def)             Requested size: 187.0pt x 156.00879pt.
 [82]
Underfull \hbox (badness 10000) detected at line 41
[][][]
 []


Underfull \hbox (badness 10000) detected at line 44
[][][]
 []


Underfull \hbox (badness 10000) detected at line 47
[][][]
 []


Underfull \hbox (badness 10000) detected at line 50
[][][]
 []

) (./Security_8h.tex <./Security_8h__incl.pdf>
<Security_8h__incl.pdf, id=3087, 192.72pt x 156.585pt>
File: Security_8h__incl.pdf Graphic file (type pdf)
<use Security_8h__incl.pdf>
Package pdftex.def Info: Security_8h__incl.pdf  used on input line 15.
(pdftex.def)             Requested size: 192.0pt x 155.99922pt.
 [83] <./Security_8h__dep__incl.pdf

pdfTeX warning: pdflatex (file ./Security_8h__dep__incl.pdf): PDF inclusion: mu
ltiple pdfs with page group included in a single page
>
<Security_8h__dep__incl.pdf, id=3103, 299.1175pt x 156.585pt>
File: Security_8h__dep__incl.pdf Graphic file (type pdf)
<use Security_8h__dep__incl.pdf>
Package pdftex.def Info: Security_8h__dep__incl.pdf  used on input line 23.
(pdftex.def)             Requested size: 298.0pt x 156.01117pt.

Underfull \hbox (badness 10000) detected at line 36
[][][]
 []


Underfull \hbox (badness 10000) detected at line 39
[][][]
 []


Underfull \hbox (badness 10000) detected at line 42
[][][]
 []

[84]
Underfull \hbox (badness 10000) detected at line 45
[][][]
 []

) (./Sensor_8h.tex <./Sensor_8h__incl.pdf>
<Sensor_8h__incl.pdf, id=3123, 271.0125pt x 156.585pt>
File: Sensor_8h__incl.pdf Graphic file (type pdf)
<use Sensor_8h__incl.pdf>
Package pdftex.def Info: Sensor_8h__incl.pdf  used on input line 11.
(pdftex.def)             Requested size: 270.0pt x 156.0064pt.
 <./Sensor_8h__dep__incl.pdf

pdfTeX warning: pdflatex (file ./Sensor_8h__dep__incl.pdf): PDF inclusion: mult
iple pdfs with page group included in a single page
>
<Sensor_8h__dep__incl.pdf, id=3131, 893.3375pt x 212.795pt>
File: Sensor_8h__dep__incl.pdf Graphic file (type pdf)
<use Sensor_8h__dep__incl.pdf>
Package pdftex.def Info: Sensor_8h__dep__incl.pdf  used on input line 19.
(pdftex.def)             Requested size: 350.0pt x 83.37285pt.

Underfull \hbox (badness 10000) detected at line 30
[][][]
 []


Underfull \hbox (badness 10000) detected at line 33
[][][]
 []

[85]
Underfull \hbox (badness 10000) detected at line 36
[][][]
 []


Underfull \hbox (badness 10000) detected at line 39
[][][]
 []

) (./Temperature_8h.tex <./Temperature_8h__incl.pdf>
<Temperature_8h__incl.pdf, id=3150, 275.0275pt x 212.795pt>
File: Temperature_8h__incl.pdf Graphic file (type pdf)
<use Temperature_8h__incl.pdf>
Package pdftex.def Info: Temperature_8h__incl.pdf  used on input line 17.
(pdftex.def)             Requested size: 274.0pt x 212.01843pt.
 <./Temperature_8h__dep__incl.pdf

pdfTeX warning: pdflatex (file ./Temperature_8h__dep__incl.pdf): PDF inclusion:
 multiple pdfs with page group included in a single page
>
<Temperature_8h__dep__incl.pdf, id=3158, 323.2075pt x 156.585pt>
File: Temperature_8h__dep__incl.pdf Graphic file (type pdf)
<use Temperature_8h__dep__incl.pdf>
Package pdftex.def Info: Temperature_8h__dep__incl.pdf  used on input line 25.
(pdftex.def)             Requested size: 322.0pt x 156.00879pt.
 [86]
Underfull \hbox (badness 10000) detected at line 38
[][][]
 []


Underfull \hbox (badness 10000) detected at line 41
[][][]
 []


Underfull \hbox (badness 10000) detected at line 44
[][][]
 []


Underfull \hbox (badness 10000) detected at line 47
[][][]
 []

) (./User_8h.tex <./User_8h__dep__incl.pdf>
<User_8h__dep__incl.pdf, id=3176, 692.5875pt x 269.005pt>
File: User_8h__dep__incl.pdf Graphic file (type pdf)
<use User_8h__dep__incl.pdf>
Package pdftex.def Info: User_8h__dep__incl.pdf  used on input line 13.
(pdftex.def)             Requested size: 350.0pt x 135.9429pt.
 [87]
Underfull \hbox (badness 10000) detected at line 26
[][][]
 []


Underfull \hbox (badness 10000) detected at line 29
[][][]
 []


Underfull \hbox (badness 10000) detected at line 32
[][][]
 []


Underfull \hbox (badness 10000) detected at line 35
[][][]
 []

) (./AirQuality_8cpp.tex <./AirQuality_8cpp__incl.pdf>
<AirQuality_8cpp__incl.pdf, id=3195, 323.2075pt x 269.005pt>
File: AirQuality_8cpp__incl.pdf Graphic file (type pdf)
<use AirQuality_8cpp__incl.pdf>
Package pdftex.def Info: AirQuality_8cpp__incl.pdf  used on input line 13.
(pdftex.def)             Requested size: 322.0pt x 268.01509pt.
) (./Brightness_8cpp.tex <./Brightness_8cpp__incl.pdf

pdfTeX warning: pdflatex (file ./Brightness_8cpp__incl.pdf): PDF inclusion: mul
tiple pdfs with page group included in a single page
>
<Brightness_8cpp__incl.pdf, id=3203, 323.2075pt x 269.005pt>
File: Brightness_8cpp__incl.pdf Graphic file (type pdf)
<use Brightness_8cpp__incl.pdf>
Package pdftex.def Info: Brightness_8cpp__incl.pdf  used on input line 13.
(pdftex.def)             Requested size: 322.0pt x 268.01509pt.
 [88]) (./Dashboard_8cpp.tex <./Dashboard_8cpp__incl.pdf>
<Dashboard_8cpp__incl.pdf, id=3218, 1200.485pt x 269.005pt>
File: Dashboard_8cpp__incl.pdf Graphic file (type pdf)
<use Dashboard_8cpp__incl.pdf>
Package pdftex.def Info: Dashboard_8cpp__incl.pdf  used on input line 20.
(pdftex.def)             Requested size: 350.0pt x 78.42812pt.
 [89] [90])
(./DataBase_8cpp.tex <./DataBase_8cpp__incl.pdf

pdfTeX warning: pdflatex (file ./DataBase_8cpp__incl.pdf): PDF inclusion: multi
ple pdfs with page group included in a single page
>
<DataBase_8cpp__incl.pdf, id=3263, 558.085pt x 212.795pt>
File: DataBase_8cpp__incl.pdf Graphic file (type pdf)
<use DataBase_8cpp__incl.pdf>
Package pdftex.def Info: DataBase_8cpp__incl.pdf  used on input line 16.
(pdftex.def)             Requested size: 350.0pt x 133.45761pt.
 [91]) (./Humidity_8cpp.tex <./Humidity_8cpp__incl.pdf>
<Humidity_8cpp__incl.pdf, id=3281, 323.2075pt x 269.005pt>
File: Humidity_8cpp__incl.pdf Graphic file (type pdf)
<use Humidity_8cpp__incl.pdf>
Package pdftex.def Info: Humidity_8cpp__incl.pdf  used on input line 13.
(pdftex.def)             Requested size: 322.0pt x 268.01509pt.
) (./Login_8cpp.tex
[92] <./Login_8cpp__incl.pdf

pdfTeX warning: pdflatex (file ./Login_8cpp__incl.pdf): PDF inclusion: multiple
 pdfs with page group included in a single page
>
<Login_8cpp__incl.pdf, id=3297, 585.18625pt x 269.005pt>
File: Login_8cpp__incl.pdf Graphic file (type pdf)
<use Login_8cpp__incl.pdf>
Package pdftex.def Info: Login_8cpp__incl.pdf  used on input line 16.
(pdftex.def)             Requested size: 350.0pt x 160.89935pt.
 [93] [94]) (./main_8cpp.tex <./main_8cpp__incl.pdf>
<main_8cpp__incl.pdf, id=3329, 473.77pt x 269.005pt>
File: main_8cpp__incl.pdf Graphic file (type pdf)
<use main_8cpp__incl.pdf>
Package pdftex.def Info: main_8cpp__incl.pdf  used on input line 15.
(pdftex.def)             Requested size: 350.0pt x 198.7363pt.
 [95] <./main_8cpp_ae66f6b31b5ad750f1fe042a706a4e3d4_cgraph.pdf>
<main_8cpp_ae66f6b31b5ad750f1fe042a706a4e3d4_cgraph.pdf, id=3360, 444.66125pt x
 214.8025pt>
File: main_8cpp_ae66f6b31b5ad750f1fe042a706a4e3d4_cgraph.pdf Graphic file (type
 pdf)
<use main_8cpp_ae66f6b31b5ad750f1fe042a706a4e3d4_cgraph.pdf>
Package pdftex.def Info: main_8cpp_ae66f6b31b5ad750f1fe042a706a4e3d4_cgraph.pdf
  used on input line 69.
(pdftex.def)             Requested size: 350.0pt x 169.07591pt.
) (./Security_8cpp.tex <./Security_8cpp__incl.pdf

pdfTeX warning: pdflatex (file ./Security_8cpp__incl.pdf): PDF inclusion: multi
ple pdfs with page group included in a single page
>
<Security_8cpp__incl.pdf, id=3368, 473.77pt x 269.005pt>
File: Security_8cpp__incl.pdf Graphic file (type pdf)
<use Security_8cpp__incl.pdf>
Package pdftex.def Info: Security_8cpp__incl.pdf  used on input line 13.
(pdftex.def)             Requested size: 350.0pt x 198.7363pt.
 [96] [97]) (./Sensor_8cpp.tex <./Sensor_8cpp__incl.pdf>
<Sensor_8cpp__incl.pdf, id=3399, 278.03876pt x 212.795pt>
File: Sensor_8cpp__incl.pdf Graphic file (type pdf)
<use Sensor_8cpp__incl.pdf>
Package pdftex.def Info: Sensor_8cpp__incl.pdf  used on input line 12.
(pdftex.def)             Requested size: 277.0pt x 212.0022pt.
 [98])
(./Temperature_8cpp.tex <./Temperature_8cpp__incl.pdf>
<Temperature_8cpp__incl.pdf, id=3414, 323.2075pt x 269.005pt>
File: Temperature_8cpp__incl.pdf Graphic file (type pdf)
<use Temperature_8cpp__incl.pdf>
Package pdftex.def Info: Temperature_8cpp__incl.pdf  used on input line 13.
(pdftex.def)             Requested size: 322.0pt x 268.01509pt.
) (./User_8cpp.tex <./User_8cpp__incl.pdf

pdfTeX warning: pdflatex (file ./User_8cpp__incl.pdf): PDF inclusion: multiple 
pdfs with page group included in a single page
>
<User_8cpp__incl.pdf, id=3423, 206.7725pt x 156.585pt>
File: User_8cpp__incl.pdf Graphic file (type pdf)
<use User_8cpp__incl.pdf>
Package pdftex.def Info: User_8cpp__incl.pdf  used on input line 10.
(pdftex.def)             Requested size: 206.0pt x 156.004pt.
 [99]) [100] (./refman.ind [101



] [102] [103] [104

]) (./refman.aux)
Package rerunfilecheck Info: File `refman.out' has not changed.
(rerunfilecheck)             Checksum: EEBAFF219664C1B635570DAA481C2212;48429.
 ) 
Here is how much of TeX's memory you used:
 19296 strings out of 480247
 339136 string characters out of 5896150
 654380 words of memory out of 5000000
 36157 multiletter control sequences out of 15000+600000
 529279 words of font info for 106 fonts, out of 8000000 for 9000
 14 hyphenation exceptions out of 8191
 99i,16n,117p,754b,572s stack positions out of 5000i,500n,10000p,200000b,80000s
{/usr/share/texlive/texmf-dist/fonts/enc/dvips/base/8r.enc}</usr/share/texliv
e/texmf-dist/fonts/type1/public/amsfonts/cm/cmmi10.pfb></usr/share/texlive/texm
f-dist/fonts/type1/public/amsfonts/cm/cmmi8.pfb></usr/share/texlive/texmf-dist/
fonts/type1/public/amsfonts/cm/cmmi9.pfb></usr/share/texlive/texmf-dist/fonts/t
ype1/public/amsfonts/cm/cmr5.pfb></usr/share/texlive/texmf-dist/fonts/type1/pub
lic/amsfonts/cm/cmsy10.pfb></usr/share/texlive/texmf-dist/fonts/type1/public/am
sfonts/cm/cmsy7.pfb></usr/share/texlive/texmf-dist/fonts/type1/public/amsfonts/
cm/cmsy8.pfb></usr/share/texlive/texmf-dist/fonts/type1/urw/courier/ucrr8a.pfb>
</usr/share/texlive/texmf-dist/fonts/type1/urw/courier/ucrro8a.pfb></usr/share/
texlive/texmf-dist/fonts/type1/urw/helvetic/uhvb8a.pfb></usr/share/texlive/texm
f-dist/fonts/type1/urw/helvetic/uhvb8ac.pfb></usr/share/texlive/texmf-dist/font
s/type1/urw/helvetic/uhvr8a.pfb></usr/share/texlive/texmf-dist/fonts/type1/urw/
helvetic/uhvro8a.pfb>
Output written on refman.pdf (112 pages, 933466 bytes).
PDF statistics:
 3940 PDF objects out of 4296 (max. 8388607)
 3461 compressed objects within 35 object streams
 665 named destinations out of 1000 (max. 500000)
 2420 words of extra memory for PDF output out of 10000 (max. 10000000)

